{
  level: 'info',
  message: 'listening on port 4026',
  timestamp: '2025-08-13T11:38:52+05:30'
}
{
  level: 'info',
  message: 'listening on port 4026',
  timestamp: '2025-08-13T11:42:03+05:30'
}
{
  level: 'info',
  message: 'listening on port 4026',
  timestamp: '2025-08-13T11:42:39+05:30'
}
{
  level: 'info',
  message: 'listening on port 4026',
  timestamp: '2025-08-13T11:43:28+05:30'
}
{
  level: 'info',
  message: 'listening on port 4026',
  timestamp: '2025-08-13T11:54:22+05:30'
}
{
  level: 'info',
  message: 'listening on port 4026',
  timestamp: '2025-08-13T11:54:58+05:30'
}
{
  level: 'info',
  message: 'listening on port 4026',
  timestamp: '2025-08-13T11:55:24+05:30'
}
{
  level: 'info',
  message: 'listening on port 4026',
  timestamp: '2025-08-13T11:55:28+05:30'
}
{
  level: 'info',
  message: 'listening on port 4026',
  timestamp: '2025-08-13T11:56:19+05:30'
}
{
  level: 'info',
  message: 'listening on port 4026',
  timestamp: '2025-08-13T11:56:31+05:30'
}
{
  level: 'info',
  message: 'listening on port 4026',
  timestamp: '2025-08-13T11:56:35+05:30'
}
{
  level: 'info',
  message: 'listening on port 4026',
  timestamp: '2025-08-13T11:58:01+05:30'
}
{
  level: 'info',
  message: 'listening on port 4026',
  timestamp: '2025-08-13T12:02:27+05:30'
}
{
  level: 'info',
  message: 'listening on port 4026',
  timestamp: '2025-08-13T12:03:15+05:30'
}
{
  level: 'info',
  message: 'listening on port 4026',
  timestamp: '2025-08-13T12:03:36+05:30'
}
{
  level: 'info',
  message: 'listening on port 4026',
  timestamp: '2025-08-13T12:16:11+05:30'
}
{
  level: 'info',
  message: 'listening on port 4026',
  timestamp: '2025-08-13T13:48:25+05:30'
}
{
  level: 'info',
  message: 'listening on port 4026',
  timestamp: '2025-08-13T13:49:04+05:30'
}
{
  level: 'info',
  message: 'listening on port 4026',
  timestamp: '2025-08-13T16:25:15+05:30'
}
