{
  level: 'info',
  message: 'listening on port 4026',
  timestamp: '2025-08-29T10:06:55+05:30'
}
{
  endpoint: '/allcustomers',
  method: 'GET',
  level: 'info',
  message: 'Requested for all customers list',
  timestamp: '2025-08-29T10:41:06+05:30'
}
{
  endpoint: '/allcustomers',
  level: 'info',
  message: 'Fetched all customers list successfully',
  timestamp: '2025-08-29T10:41:06+05:30'
}
{
  level: 'info',
  message: 'successfully fetched data from mtrl_data',
  timestamp: '2025-08-29T10:41:10+05:30'
}
{
  level: 'info',
  message: 'listening on port 4026',
  timestamp: '2025-08-29T10:42:06+05:30'
}
{
  level: 'info',
  message: 'listening on port 4026',
  timestamp: '2025-08-29T10:45:24+05:30'
}
{
  endpoint: '/allcustomers',
  method: 'GET',
  level: 'info',
  message: 'Requested for all customers list',
  timestamp: '2025-08-29T10:45:47+05:30'
}
{
  endpoint: '/allcustomers',
  level: 'info',
  message: 'Fetched all customers list successfully',
  timestamp: '2025-08-29T10:45:47+05:30'
}
{
  level: 'info',
  message: 'successfully fetched data from mtrl_data',
  timestamp: '2025-08-29T10:45:52+05:30'
}
{
  level: 'info',
  message: 'listening on port 4026',
  timestamp: '2025-08-29T10:48:21+05:30'
}
{
  endpoint: '/allcustomers',
  method: 'GET',
  level: 'info',
  message: 'Requested for all customers list',
  timestamp: '2025-08-29T10:48:28+05:30'
}
{
  endpoint: '/allcustomers',
  level: 'info',
  message: 'Fetched all customers list successfully',
  timestamp: '2025-08-29T10:48:28+05:30'
}
{
  level: 'info',
  message: 'successfully fetched data from mtrl_data',
  timestamp: '2025-08-29T10:48:32+05:30'
}
{
  level: 'info',
  message: 'listening on port 4026',
  timestamp: '2025-08-29T10:49:37+05:30'
}
{
  endpoint: '/allcustomers',
  method: 'GET',
  level: 'info',
  message: 'Requested for all customers list',
  timestamp: '2025-08-29T10:50:02+05:30'
}
{
  endpoint: '/allcustomers',
  level: 'info',
  message: 'Fetched all customers list successfully',
  timestamp: '2025-08-29T10:50:03+05:30'
}
{
  level: 'info',
  message: 'successfully fetched data from mtrl_data',
  timestamp: '2025-08-29T10:50:08+05:30'
}
{
  level: 'info',
  message: 'successfully fetched data from magodlaser_units',
  timestamp: '2025-08-29T10:50:18+05:30'
}
{
  endpoint: '/getCustomerByCustCode',
  method: 'GET',
  queryParams: { code: '2291' },
  level: 'info',
  message: 'Requested customer details by Cust_Code',
  timestamp: '2025-08-29T10:50:18+05:30'
}
{
  endpoint: '/getCustomerByCustCode',
  level: 'info',
  message: 'Fetched customer details successfully for Cust_Code = 2291',
  timestamp: '2025-08-29T10:50:18+05:30'
}
{
  endpoint: '/allcustomers',
  method: 'GET',
  level: 'info',
  message: 'Requested for all customers list',
  timestamp: '2025-08-29T10:50:22+05:30'
}
{
  endpoint: '/allcustomers',
  level: 'info',
  message: 'Fetched all customers list successfully',
  timestamp: '2025-08-29T10:50:23+05:30'
}
{
  level: 'info',
  message: 'successfully fetched data from magodlaser_units',
  timestamp: '2025-08-29T10:50:28+05:30'
}
{
  endpoint: '/getCustomerByCustCode',
  method: 'GET',
  queryParams: { code: '2291' },
  level: 'info',
  message: 'Requested customer details by Cust_Code',
  timestamp: '2025-08-29T10:50:28+05:30'
}
{
  endpoint: '/getCustomerByCustCode',
  level: 'info',
  message: 'Fetched customer details successfully for Cust_Code = 2291',
  timestamp: '2025-08-29T10:50:28+05:30'
}
{
  endpoint: '/allcustomers',
  method: 'GET',
  level: 'info',
  message: 'Requested for all customers list',
  timestamp: '2025-08-29T10:50:33+05:30'
}
{
  endpoint: '/allcustomers',
  level: 'info',
  message: 'Fetched all customers list successfully',
  timestamp: '2025-08-29T10:50:33+05:30'
}
{
  level: 'info',
  message: 'successfully fetched data from magodlaser_units',
  timestamp: '2025-08-29T10:50:37+05:30'
}
{
  endpoint: '/getCustomerByCustCode',
  method: 'GET',
  queryParams: { code: '4523' },
  level: 'info',
  message: 'Requested customer details by Cust_Code',
  timestamp: '2025-08-29T10:50:37+05:30'
}
{
  endpoint: '/getCustomerByCustCode',
  level: 'info',
  message: 'Fetched customer details successfully for Cust_Code = 4523',
  timestamp: '2025-08-29T10:50:37+05:30'
}
{
  endpoint: '/allcustomers',
  method: 'GET',
  level: 'info',
  message: 'Requested for all customers list',
  timestamp: '2025-08-29T10:50:42+05:30'
}
{
  endpoint: '/allcustomers',
  level: 'info',
  message: 'Fetched all customers list successfully',
  timestamp: '2025-08-29T10:50:42+05:30'
}
{
  level: 'info',
  message: 'successfully fetched data from magodlaser_units',
  timestamp: '2025-08-29T10:50:46+05:30'
}
{
  endpoint: '/getCustomerByCustCode',
  method: 'GET',
  queryParams: { code: '2155' },
  level: 'info',
  message: 'Requested customer details by Cust_Code',
  timestamp: '2025-08-29T10:50:46+05:30'
}
{
  endpoint: '/getCustomerByCustCode',
  level: 'info',
  message: 'Fetched customer details successfully for Cust_Code = 2155',
  timestamp: '2025-08-29T10:50:46+05:30'
}
{
  endpoint: '/allcustomers',
  method: 'GET',
  level: 'info',
  message: 'Requested for all customers list',
  timestamp: '2025-08-29T10:50:53+05:30'
}
{
  endpoint: '/allcustomers',
  level: 'info',
  message: 'Fetched all customers list successfully',
  timestamp: '2025-08-29T10:50:53+05:30'
}
{
  endpoint: '/allcustomers',
  method: 'GET',
  level: 'info',
  message: 'Requested for all customers list',
  timestamp: '2025-08-29T10:50:57+05:30'
}
{
  endpoint: '/allcustomers',
  level: 'info',
  message: 'Fetched all customers list successfully',
  timestamp: '2025-08-29T10:50:57+05:30'
}
{
  level: 'info',
  message: 'successfully fetched data from magodlaser_units',
  timestamp: '2025-08-29T10:51:03+05:30'
}
{
  endpoint: '/getCustomerByCustCode',
  method: 'GET',
  queryParams: { code: '4486' },
  level: 'info',
  message: 'Requested customer details by Cust_Code',
  timestamp: '2025-08-29T10:51:03+05:30'
}
{
  endpoint: '/getCustomerByCustCode',
  level: 'info',
  message: 'Fetched customer details successfully for Cust_Code = 4486',
  timestamp: '2025-08-29T10:51:04+05:30'
}
{
  endpoint: '/allcustomers',
  method: 'GET',
  level: 'info',
  message: 'Requested for all customers list',
  timestamp: '2025-08-29T10:51:10+05:30'
}
{
  endpoint: '/allcustomers',
  level: 'info',
  message: 'Fetched all customers list successfully',
  timestamp: '2025-08-29T10:51:10+05:30'
}
{
  level: 'info',
  message: 'successfully fetched data from magodlaser_units',
  timestamp: '2025-08-29T10:51:17+05:30'
}
{
  endpoint: '/getCustomerByCustCode',
  method: 'GET',
  queryParams: { code: '1443' },
  level: 'info',
  message: 'Requested customer details by Cust_Code',
  timestamp: '2025-08-29T10:51:17+05:30'
}
{
  endpoint: '/getCustomerByCustCode',
  level: 'info',
  message: 'Fetched customer details successfully for Cust_Code = 1443',
  timestamp: '2025-08-29T10:51:17+05:30'
}
{
  endpoint: '/getCustomerByCustCode',
  method: 'GET',
  queryParams: { code: '1443' },
  level: 'info',
  message: 'Requested customer details by Cust_Code',
  timestamp: '2025-08-29T10:51:27+05:30'
}
{
  endpoint: '/getCustomerByCustCode',
  level: 'info',
  message: 'Fetched customer details successfully for Cust_Code = 1443',
  timestamp: '2025-08-29T10:51:27+05:30'
}
{
  endpoint: '/insert',
  method: 'POST',
  body: {
    DC_Type: 'Material Return',
    DC_No: '25/0013',
    DC_Date: '2025-08-29',
    Cust_Code: '1443',
    Cust_Name: 'POLY FLUORO LTD',
    Cust_Address: 'NO 260 A\r\nBOMMASANDRA INDUSTRIAL AREA\r\nHOSUR ROAD',
    Cust_Place: 'BANGALORE',
    Cust_State: 'KARNATAKA',
    PIN_Code: '560099',
    GSTNo: '29AAACP9174H1Z0',
    ECC_No: '',
    TIN_No: '',
    CST_No: '',
    AuhtorisingDocu: '24/1310 Dt NaN/undefined/NaN',
    Total_Wt: 10,
    ScarpWt: 0,
    DCStatus: 'Draft',
    Remarks: '24/1310 Dt NaN/undefined/NaN'
  },
  level: 'info',
  message: 'Inserting new DC register record',
  timestamp: '2025-08-29T10:51:27+05:30'
}
{
  level: 'info',
  message: 'listening on port 4026',
  timestamp: '2025-08-29T10:52:27+05:30'
}
{
  endpoint: '/getCustomerByCustCode',
  method: 'GET',
  queryParams: { code: '1443' },
  level: 'info',
  message: 'Requested customer details by Cust_Code',
  timestamp: '2025-08-29T10:55:13+05:30'
}
{
  endpoint: '/getCustomerByCustCode',
  level: 'info',
  message: 'Fetched customer details successfully for Cust_Code = 1443',
  timestamp: '2025-08-29T10:55:13+05:30'
}
{
  endpoint: '/insert',
  method: 'POST',
  body: {
    DC_Type: 'Material Return',
    DC_No: '25/0013',
    DC_Date: '2025-08-29',
    Cust_Code: '1443',
    Cust_Name: 'POLY FLUORO LTD',
    Cust_Address: 'NO 260 A\r\nBOMMASANDRA INDUSTRIAL AREA\r\nHOSUR ROAD',
    Cust_Place: 'BANGALORE',
    Cust_State: 'KARNATAKA',
    PIN_Code: '560099',
    GSTNo: '29AAACP9174H1Z0',
    ECC_No: '',
    TIN_No: '',
    CST_No: '',
    AuhtorisingDocu: '24/1310 Dt NaN/undefined/NaN',
    Total_Wt: '10.000',
    ScarpWt: 0,
    DCStatus: 'Draft',
    Remarks: '24/1310 Dt NaN/undefined/NaN'
  },
  level: 'info',
  message: 'Inserting new DC register record',
  timestamp: '2025-08-29T10:55:13+05:30'
}
{
  endpoint: '/getCustomerByCustCode',
  method: 'GET',
  queryParams: { code: '1443' },
  level: 'info',
  message: 'Requested customer details by Cust_Code',
  timestamp: '2025-08-29T10:55:13+05:30'
}
{
  level: 'info',
  message: 'listening on port 4026',
  timestamp: '2025-08-29T10:55:32+05:30'
}
{
  endpoint: '/allcustomers',
  method: 'GET',
  level: 'info',
  message: 'Requested for all customers list',
  timestamp: '2025-08-29T10:55:50+05:30'
}
{
  endpoint: '/allcustomers',
  level: 'info',
  message: 'Fetched all customers list successfully',
  timestamp: '2025-08-29T10:55:51+05:30'
}
{
  level: 'info',
  message: 'successfully fetched data from mtrl_data',
  timestamp: '2025-08-29T10:55:53+05:30'
}
{
  level: 'info',
  message: 'successfully fetched data from magodlaser_units',
  timestamp: '2025-08-29T10:56:01+05:30'
}
{
  endpoint: '/getCustomerByCustCode',
  method: 'GET',
  queryParams: { code: '2291' },
  level: 'info',
  message: 'Requested customer details by Cust_Code',
  timestamp: '2025-08-29T10:56:01+05:30'
}
{
  endpoint: '/getCustomerByCustCode',
  level: 'info',
  message: 'Fetched customer details successfully for Cust_Code = 2291',
  timestamp: '2025-08-29T10:56:02+05:30'
}
{
  endpoint: '/getCustomerByCustCode',
  method: 'GET',
  queryParams: { code: '2291' },
  level: 'info',
  message: 'Requested customer details by Cust_Code',
  timestamp: '2025-08-29T10:56:08+05:30'
}
{
  endpoint: '/getCustomerByCustCode',
  level: 'info',
  message: 'Fetched customer details successfully for Cust_Code = 2291',
  timestamp: '2025-08-29T10:56:08+05:30'
}
{
  endpoint: '/insert',
  method: 'POST',
  body: {
    DC_Type: 'Material Return',
    DC_No: '25/0013',
    DC_Date: '2025-08-29',
    Cust_Code: '2291',
    Cust_Name: '20 GAUGE ENGINEERING',
    Cust_Address: '#106 JK Nivas 3d main SR Compound Arekere Bennarghatta Road\r\n',
    Cust_Place: 'BANGALORE',
    Cust_State: 'KARNATAKA',
    PIN_Code: '560076',
    GSTNo: '29ACSPP1692H1ZW',
    ECC_No: '',
    TIN_No: '',
    CST_No: '',
    AuhtorisingDocu: '25/0005 Dt NaN/undefined/NaN',
    Total_Wt: 10,
    ScarpWt: 0,
    DCStatus: 'Draft',
    Remarks: '25/0005 Dt NaN/undefined/NaN'
  },
  level: 'info',
  message: 'Inserting new DC register record',
  timestamp: '2025-08-29T10:56:08+05:30'
}
{
  level: 'info',
  message: 'listening on port 4026',
  timestamp: '2025-08-29T10:58:12+05:30'
}
{
  endpoint: '/getCustomerByCustCode',
  method: 'GET',
  queryParams: { code: '2291' },
  level: 'info',
  message: 'Requested customer details by Cust_Code',
  timestamp: '2025-08-29T11:01:04+05:30'
}
{
  endpoint: '/getCustomerByCustCode',
  level: 'info',
  message: 'Fetched customer details successfully for Cust_Code = 2291',
  timestamp: '2025-08-29T11:01:04+05:30'
}
{
  endpoint: '/insert',
  method: 'POST',
  body: {
    DC_Type: 'Material Return',
    DC_No: '25/0013',
    DC_Date: '2025-08-29',
    Cust_Code: '2291',
    Cust_Name: '20 GAUGE ENGINEERING',
    Cust_Address: '#106 JK Nivas 3d main SR Compound Arekere Bennarghatta Road\r\n',
    Cust_Place: 'BANGALORE',
    Cust_State: 'KARNATAKA',
    PIN_Code: '560076',
    GSTNo: '29ACSPP1692H1ZW',
    ECC_No: '',
    TIN_No: '',
    CST_No: '',
    AuhtorisingDocu: '25/0005 Dt NaN/undefined/NaN',
    Total_Wt: '10.000',
    ScarpWt: 0,
    DCStatus: 'Draft',
    Remarks: '25/0005 Dt NaN/undefined/NaN'
  },
  level: 'info',
  message: 'Inserting new DC register record',
  timestamp: '2025-08-29T11:01:04+05:30'
}
{
  endpoint: '/getCustomerByCustCode',
  method: 'GET',
  queryParams: { code: '2291' },
  level: 'info',
  message: 'Requested customer details by Cust_Code',
  timestamp: '2025-08-29T11:01:04+05:30'
}
{
  level: 'info',
  message: 'listening on port 4026',
  timestamp: '2025-08-29T11:01:47+05:30'
}
{
  level: 'info',
  message: 'listening on port 4026',
  timestamp: '2025-08-29T11:04:48+05:30'
}
{
  endpoint: '/getCustomerByCustCode',
  method: 'GET',
  queryParams: { code: '2291' },
  level: 'info',
  message: 'Requested customer details by Cust_Code',
  timestamp: '2025-08-29T11:04:56+05:30'
}
{
  endpoint: '/getCustomerByCustCode',
  level: 'info',
  message: 'Fetched customer details successfully for Cust_Code = 2291',
  timestamp: '2025-08-29T11:04:56+05:30'
}
{
  endpoint: '/getCustomerByCustCode',
  method: 'GET',
  queryParams: { code: '2291' },
  level: 'info',
  message: 'Requested customer details by Cust_Code',
  timestamp: '2025-08-29T11:04:56+05:30'
}
{
  endpoint: '/insert',
  method: 'POST',
  body: {
    DC_Type: 'Material Return',
    DC_No: '25/0013',
    DC_Date: '2025-08-29',
    Cust_Code: '2291',
    Cust_Name: '20 GAUGE ENGINEERING',
    Cust_Address: '#106 JK Nivas 3d main SR Compound Arekere Bennarghatta Road\r\n',
    Cust_Place: 'BANGALORE',
    Cust_State: 'KARNATAKA',
    PIN_Code: '560076',
    GSTNo: '29ACSPP1692H1ZW',
    ECC_No: '',
    TIN_No: '',
    CST_No: '',
    AuhtorisingDocu: '25/0005 Dt NaN/undefined/NaN',
    Total_Wt: '10.000',
    ScarpWt: 0,
    DCStatus: 'Draft',
    Remarks: '25/0005 Dt NaN/undefined/NaN'
  },
  level: 'info',
  message: 'Inserting new DC register record',
  timestamp: '2025-08-29T11:04:56+05:30'
}
{
  endpoint: '/getCustomerByCustCode',
  level: 'info',
  message: 'Fetched customer details successfully for Cust_Code = 2291',
  timestamp: '2025-08-29T11:04:56+05:30'
}
{
  level: 'info',
  message: 'listening on port 4026',
  timestamp: '2025-08-29T11:15:14+05:30'
}
{
  level: 'info',
  message: 'listening on port 4026',
  timestamp: '2025-08-29T12:26:18+05:30'
}
{
  endpoint: '/allcustomers',
  method: 'GET',
  level: 'info',
  message: 'Requested for all customers list',
  timestamp: '2025-08-29T12:26:43+05:30'
}
{
  endpoint: '/allcustomers',
  level: 'info',
  message: 'Fetched all customers list successfully',
  timestamp: '2025-08-29T12:26:44+05:30'
}
{
  endpoint: '/allcustomers',
  method: 'GET',
  level: 'info',
  message: 'Requested for all customers list',
  timestamp: '2025-08-29T12:27:26+05:30'
}
{
  endpoint: '/allcustomers',
  level: 'info',
  message: 'Fetched all customers list successfully',
  timestamp: '2025-08-29T12:27:26+05:30'
}
{
  level: 'info',
  message: 'successfully fetched data from mtrl_data',
  timestamp: '2025-08-29T12:27:30+05:30'
}
{
  level: 'info',
  message: 'successfully fetched data from magodlaser_units',
  timestamp: '2025-08-29T12:27:39+05:30'
}
{
  endpoint: '/getCustomerByCustCode',
  method: 'GET',
  queryParams: { code: '2291' },
  level: 'info',
  message: 'Requested customer details by Cust_Code',
  timestamp: '2025-08-29T12:27:39+05:30'
}
{
  endpoint: '/getCustomerByCustCode',
  level: 'info',
  message: 'Fetched customer details successfully for Cust_Code = 2291',
  timestamp: '2025-08-29T12:27:39+05:30'
}
{
  endpoint: '/getCustomerByCustCode',
  method: 'GET',
  queryParams: { code: '2291' },
  level: 'info',
  message: 'Requested customer details by Cust_Code',
  timestamp: '2025-08-29T12:27:50+05:30'
}
{
  endpoint: '/getCustomerByCustCode',
  level: 'info',
  message: 'Fetched customer details successfully for Cust_Code = 2291',
  timestamp: '2025-08-29T12:27:51+05:30'
}
{
  endpoint: '/insert',
  method: 'POST',
  body: {
    DC_Type: 'Material Return',
    DC_No: '25/0013',
    DC_Date: '2025-08-29',
    Cust_Code: '2291',
    Cust_Name: '20 GAUGE ENGINEERING',
    Cust_Address: '#106 JK Nivas 3d main SR Compound Arekere Bennarghatta Road\r\n',
    Cust_Place: 'BANGALORE',
    Cust_State: 'KARNATAKA',
    PIN_Code: '560076',
    GSTNo: '29ACSPP1692H1ZW',
    ECC_No: '',
    TIN_No: '',
    CST_No: '',
    AuhtorisingDocu: '25/0006 Dt NaN/undefined/NaN',
    Total_Wt: 10,
    ScarpWt: 0,
    DCStatus: 'Draft',
    Remarks: '25/0006 Dt NaN/undefined/NaN'
  },
  level: 'info',
  message: 'Inserting new DC register record',
  timestamp: '2025-08-29T12:27:51+05:30'
}
{
  level: 'info',
  message: 'listening on port 4026',
  timestamp: '2025-08-29T12:31:06+05:30'
}
{
  endpoint: '/allcustomers',
  method: 'GET',
  level: 'info',
  message: 'Requested for all customers list',
  timestamp: '2025-08-29T12:32:36+05:30'
}
{
  endpoint: '/allcustomers',
  level: 'info',
  message: 'Fetched all customers list successfully',
  timestamp: '2025-08-29T12:32:36+05:30'
}
{
  level: 'info',
  message: 'successfully fetched data from mtrl_data',
  timestamp: '2025-08-29T12:32:39+05:30'
}
{
  level: 'info',
  message: 'successfully fetched data from magodlaser_units',
  timestamp: '2025-08-29T12:32:47+05:30'
}
{
  endpoint: '/getCustomerByCustCode',
  method: 'GET',
  queryParams: { code: '2291' },
  level: 'info',
  message: 'Requested customer details by Cust_Code',
  timestamp: '2025-08-29T12:32:48+05:30'
}
{
  endpoint: '/getCustomerByCustCode',
  level: 'info',
  message: 'Fetched customer details successfully for Cust_Code = 2291',
  timestamp: '2025-08-29T12:32:48+05:30'
}
{
  endpoint: '/getCustomerByCustCode',
  method: 'GET',
  queryParams: { code: '2291' },
  level: 'info',
  message: 'Requested customer details by Cust_Code',
  timestamp: '2025-08-29T12:32:54+05:30'
}
{
  endpoint: '/getCustomerByCustCode',
  level: 'info',
  message: 'Fetched customer details successfully for Cust_Code = 2291',
  timestamp: '2025-08-29T12:32:54+05:30'
}
{
  endpoint: '/getCustomerByCustCode',
  method: 'GET',
  queryParams: { code: '2291' },
  level: 'info',
  message: 'Requested customer details by Cust_Code',
  timestamp: '2025-08-29T12:32:55+05:30'
}
{
  endpoint: '/getDCRegisterByID',
  method: 'GET',
  queryParams: { id: '23420' },
  level: 'info',
  message: 'Fetching DC register record by ID',
  timestamp: '2025-08-29T12:32:55+05:30'
}
{
  endpoint: '/getCustomerByCustCode',
  level: 'info',
  message: 'Fetched customer details successfully for Cust_Code = 2291',
  timestamp: '2025-08-29T12:32:55+05:30'
}
{
  level: 'info',
  message: 'listening on port 4026',
  timestamp: '2025-08-29T12:33:20+05:30'
}
{
  level: 'info',
  message: 'listening on port 4026',
  timestamp: '2025-08-29T12:33:31+05:30'
}
{
  endpoint: '/allcustomers',
  method: 'GET',
  level: 'info',
  message: 'Requested for all customers list',
  timestamp: '2025-08-29T12:33:55+05:30'
}
{
  endpoint: '/allcustomers',
  level: 'info',
  message: 'Fetched all customers list successfully',
  timestamp: '2025-08-29T12:33:55+05:30'
}
{
  level: 'info',
  message: 'successfully fetched data from magodlaser_units',
  timestamp: '2025-08-29T12:34:01+05:30'
}
{
  endpoint: '/getCustomerByCustCode',
  method: 'GET',
  queryParams: { code: '4126' },
  level: 'info',
  message: 'Requested customer details by Cust_Code',
  timestamp: '2025-08-29T12:34:01+05:30'
}
{
  endpoint: '/getCustomerByCustCode',
  level: 'info',
  message: 'Fetched customer details successfully for Cust_Code = 4126',
  timestamp: '2025-08-29T12:34:01+05:30'
}
{
  endpoint: '/getCustomerByCustCode',
  method: 'GET',
  queryParams: { code: '4126' },
  level: 'info',
  message: 'Requested customer details by Cust_Code',
  timestamp: '2025-08-29T12:34:04+05:30'
}
{
  endpoint: '/getCustomerByCustCode',
  level: 'info',
  message: 'Fetched customer details successfully for Cust_Code = 4126',
  timestamp: '2025-08-29T12:34:04+05:30'
}
{
  endpoint: '/getCustomerByCustCode',
  method: 'GET',
  queryParams: { code: '4126' },
  level: 'info',
  message: 'Requested customer details by Cust_Code',
  timestamp: '2025-08-29T12:34:04+05:30'
}
{
  endpoint: '/getCustomerByCustCode',
  level: 'info',
  message: 'Fetched customer details successfully for Cust_Code = 4126',
  timestamp: '2025-08-29T12:34:05+05:30'
}
{
  endpoint: '/getDCRegisterByID',
  method: 'GET',
  queryParams: { id: '23421' },
  level: 'info',
  message: 'Fetching DC register record by ID',
  timestamp: '2025-08-29T12:34:05+05:30'
}
{
  level: 'info',
  message: 'listening on port 4026',
  timestamp: '2025-08-29T12:35:58+05:30'
}
{
  endpoint: '/getCustomerByCustCode',
  method: 'GET',
  queryParams: { code: '4126' },
  level: 'info',
  message: 'Requested customer details by Cust_Code',
  timestamp: '2025-08-29T12:39:47+05:30'
}
{
  endpoint: '/getCustomerByCustCode',
  level: 'info',
  message: 'Fetched customer details successfully for Cust_Code = 4126',
  timestamp: '2025-08-29T12:39:47+05:30'
}
{
  endpoint: '/getCustomerByCustCode',
  method: 'GET',
  queryParams: { code: '4126' },
  level: 'info',
  message: 'Requested customer details by Cust_Code',
  timestamp: '2025-08-29T12:39:48+05:30'
}
{
  endpoint: '/getCustomerByCustCode',
  level: 'info',
  message: 'Fetched customer details successfully for Cust_Code = 4126',
  timestamp: '2025-08-29T12:39:48+05:30'
}
{
  endpoint: '/getDCRegisterByID',
  method: 'GET',
  queryParams: { id: '23422' },
  level: 'info',
  message: 'Fetching DC register record by ID',
  timestamp: '2025-08-29T12:39:48+05:30'
}
{
  level: 'info',
  message: 'listening on port 4026',
  timestamp: '2025-08-29T12:40:27+05:30'
}
{
  endpoint: '/allcustomers',
  method: 'GET',
  level: 'info',
  message: 'Requested for all customers list',
  timestamp: '2025-08-29T12:40:35+05:30'
}
{
  endpoint: '/allcustomers',
  level: 'info',
  message: 'Fetched all customers list successfully',
  timestamp: '2025-08-29T12:40:35+05:30'
}
{
  endpoint: '/allcustomers',
  method: 'GET',
  level: 'info',
  message: 'Requested for all customers list',
  timestamp: '2025-08-29T12:40:38+05:30'
}
{
  endpoint: '/allcustomers',
  level: 'info',
  message: 'Fetched all customers list successfully',
  timestamp: '2025-08-29T12:40:39+05:30'
}
{
  level: 'info',
  message: 'successfully fetched data from magodlaser_units',
  timestamp: '2025-08-29T12:40:43+05:30'
}
{
  endpoint: '/getCustomerByCustCode',
  method: 'GET',
  queryParams: { code: '2291' },
  level: 'info',
  message: 'Requested customer details by Cust_Code',
  timestamp: '2025-08-29T12:40:43+05:30'
}
{
  endpoint: '/getCustomerByCustCode',
  level: 'info',
  message: 'Fetched customer details successfully for Cust_Code = 2291',
  timestamp: '2025-08-29T12:40:43+05:30'
}
{
  endpoint: '/getCustomerByCustCode',
  method: 'GET',
  queryParams: { code: '2291' },
  level: 'info',
  message: 'Requested customer details by Cust_Code',
  timestamp: '2025-08-29T12:40:46+05:30'
}
{
  endpoint: '/getCustomerByCustCode',
  level: 'info',
  message: 'Fetched customer details successfully for Cust_Code = 2291',
  timestamp: '2025-08-29T12:40:46+05:30'
}
{
  endpoint: '/getCustomerByCustCode',
  method: 'GET',
  queryParams: { code: '2291' },
  level: 'info',
  message: 'Requested customer details by Cust_Code',
  timestamp: '2025-08-29T12:40:46+05:30'
}
{
  endpoint: '/getDCRegisterByID',
  method: 'GET',
  queryParams: { id: '23423' },
  level: 'info',
  message: 'Fetching DC register record by ID',
  timestamp: '2025-08-29T12:40:46+05:30'
}
{
  endpoint: '/getCustomerByCustCode',
  level: 'info',
  message: 'Fetched customer details successfully for Cust_Code = 2291',
  timestamp: '2025-08-29T12:40:46+05:30'
}
{
  level: 'info',
  message: 'listening on port 4026',
  timestamp: '2025-08-29T12:43:53+05:30'
}
{
  level: 'info',
  message: 'listening on port 4026',
  timestamp: '2025-08-29T12:45:25+05:30'
}
{
  endpoint: '/allcustomers',
  method: 'GET',
  level: 'info',
  message: 'Requested for all customers list',
  timestamp: '2025-08-29T12:46:44+05:30'
}
{
  endpoint: '/allcustomers',
  level: 'info',
  message: 'Fetched all customers list successfully',
  timestamp: '2025-08-29T12:46:45+05:30'
}
{
  level: 'info',
  message: 'successfully fetched data from mtrl_data',
  timestamp: '2025-08-29T12:46:49+05:30'
}
{
  level: 'info',
  message: 'successfully fetched data from magodlaser_units',
  timestamp: '2025-08-29T12:47:00+05:30'
}
{
  endpoint: '/getCustomerByCustCode',
  method: 'GET',
  queryParams: { code: '2291' },
  level: 'info',
  message: 'Requested customer details by Cust_Code',
  timestamp: '2025-08-29T12:47:00+05:30'
}
{
  endpoint: '/getCustomerByCustCode',
  level: 'info',
  message: 'Fetched customer details successfully for Cust_Code = 2291',
  timestamp: '2025-08-29T12:47:00+05:30'
}
{
  endpoint: '/getCustomerByCustCode',
  method: 'GET',
  queryParams: { code: '2291' },
  level: 'info',
  message: 'Requested customer details by Cust_Code',
  timestamp: '2025-08-29T12:47:14+05:30'
}
{
  endpoint: '/getCustomerByCustCode',
  level: 'info',
  message: 'Fetched customer details successfully for Cust_Code = 2291',
  timestamp: '2025-08-29T12:47:14+05:30'
}
{
  endpoint: '/getCustomerByCustCode',
  method: 'GET',
  queryParams: { code: '2291' },
  level: 'info',
  message: 'Requested customer details by Cust_Code',
  timestamp: '2025-08-29T12:47:14+05:30'
}
{
  endpoint: '/getCustomerByCustCode',
  level: 'info',
  message: 'Fetched customer details successfully for Cust_Code = 2291',
  timestamp: '2025-08-29T12:47:14+05:30'
}
{
  endpoint: '/getDCRegisterByID',
  method: 'GET',
  queryParams: { id: '23424' },
  level: 'info',
  message: 'Fetching DC register record by ID',
  timestamp: '2025-08-29T12:47:14+05:30'
}
{
  level: 'info',
  message: 'listening on port 4026',
  timestamp: '2025-08-29T12:49:50+05:30'
}
{
  level: 'info',
  message: 'listening on port 4026',
  timestamp: '2025-08-29T12:49:58+05:30'
}
{
  endpoint: '/getCustomerByCustCode',
  method: 'GET',
  queryParams: { code: '2291' },
  level: 'info',
  message: 'Requested customer details by Cust_Code',
  timestamp: '2025-08-29T12:50:12+05:30'
}
{
  endpoint: '/getCustomerByCustCode',
  level: 'info',
  message: 'Fetched customer details successfully for Cust_Code = 2291',
  timestamp: '2025-08-29T12:50:12+05:30'
}
{
  endpoint: '/getCustomerByCustCode',
  method: 'GET',
  queryParams: { code: '2291' },
  level: 'info',
  message: 'Requested customer details by Cust_Code',
  timestamp: '2025-08-29T12:50:12+05:30'
}
{
  endpoint: '/getCustomerByCustCode',
  level: 'info',
  message: 'Fetched customer details successfully for Cust_Code = 2291',
  timestamp: '2025-08-29T12:50:12+05:30'
}
{
  endpoint: '/getDCRegisterByID',
  method: 'GET',
  queryParams: { id: '23425' },
  level: 'info',
  message: 'Fetching DC register record by ID',
  timestamp: '2025-08-29T12:50:12+05:30'
}
{
  level: 'info',
  message: 'listening on port 4026',
  timestamp: '2025-08-29T12:52:34+05:30'
}
{
  endpoint: '/allcustomers',
  method: 'GET',
  level: 'info',
  message: 'Requested for all customers list',
  timestamp: '2025-08-29T12:52:51+05:30'
}
{
  endpoint: '/allcustomers',
  level: 'info',
  message: 'Fetched all customers list successfully',
  timestamp: '2025-08-29T12:52:51+05:30'
}
{
  level: 'info',
  message: 'successfully fetched data from mtrl_data',
  timestamp: '2025-08-29T12:52:56+05:30'
}
{
  level: 'info',
  message: 'successfully fetched data from magodlaser_units',
  timestamp: '2025-08-29T12:53:03+05:30'
}
{
  endpoint: '/getCustomerByCustCode',
  method: 'GET',
  queryParams: { code: '2291' },
  level: 'info',
  message: 'Requested customer details by Cust_Code',
  timestamp: '2025-08-29T12:53:03+05:30'
}
{
  endpoint: '/getCustomerByCustCode',
  level: 'info',
  message: 'Fetched customer details successfully for Cust_Code = 2291',
  timestamp: '2025-08-29T12:53:03+05:30'
}
{
  endpoint: '/getCustomerByCustCode',
  method: 'GET',
  queryParams: { code: '2291' },
  level: 'info',
  message: 'Requested customer details by Cust_Code',
  timestamp: '2025-08-29T12:53:18+05:30'
}
{
  endpoint: '/getCustomerByCustCode',
  level: 'info',
  message: 'Fetched customer details successfully for Cust_Code = 2291',
  timestamp: '2025-08-29T12:53:19+05:30'
}
{
  endpoint: '/getCustomerByCustCode',
  method: 'GET',
  queryParams: { code: '2291' },
  level: 'info',
  message: 'Requested customer details by Cust_Code',
  timestamp: '2025-08-29T12:53:19+05:30'
}
{
  endpoint: '/getCustomerByCustCode',
  level: 'info',
  message: 'Fetched customer details successfully for Cust_Code = 2291',
  timestamp: '2025-08-29T12:53:19+05:30'
}
{
  endpoint: '/getDCRegisterByID',
  method: 'GET',
  queryParams: { id: '23426' },
  level: 'info',
  message: 'Fetching DC register record by ID',
  timestamp: '2025-08-29T12:53:19+05:30'
}
{
  level: 'info',
  message: 'listening on port 4026',
  timestamp: '2025-08-29T12:54:12+05:30'
}
{
  endpoint: '/allcustomers',
  method: 'GET',
  level: 'info',
  message: 'Requested for all customers list',
  timestamp: '2025-08-29T12:54:37+05:30'
}
{
  endpoint: '/allcustomers',
  level: 'info',
  message: 'Fetched all customers list successfully',
  timestamp: '2025-08-29T12:54:37+05:30'
}
{
  level: 'info',
  message: 'successfully fetched data from mtrl_data',
  timestamp: '2025-08-29T14:55:25+05:30'
}
{
  level: 'info',
  message: 'successfully fetched data from magodlaser_units',
  timestamp: '2025-08-29T14:55:43+05:30'
}
{
  endpoint: '/getCustomerByCustCode',
  method: 'GET',
  queryParams: { code: '2291' },
  level: 'info',
  message: 'Requested customer details by Cust_Code',
  timestamp: '2025-08-29T14:55:43+05:30'
}
{
  endpoint: '/getCustomerByCustCode',
  level: 'info',
  message: 'Fetched customer details successfully for Cust_Code = 2291',
  timestamp: '2025-08-29T14:55:44+05:30'
}
{
  endpoint: '/getCustomerByCustCode',
  method: 'GET',
  queryParams: { code: '2291' },
  level: 'info',
  message: 'Requested customer details by Cust_Code',
  timestamp: '2025-08-29T14:56:06+05:30'
}
{
  endpoint: '/getCustomerByCustCode',
  level: 'info',
  message: 'Fetched customer details successfully for Cust_Code = 2291',
  timestamp: '2025-08-29T14:56:06+05:30'
}
{
  endpoint: '/getCustomerByCustCode',
  method: 'GET',
  queryParams: { code: '2291' },
  level: 'info',
  message: 'Requested customer details by Cust_Code',
  timestamp: '2025-08-29T14:56:06+05:30'
}
{
  endpoint: '/getCustomerByCustCode',
  level: 'info',
  message: 'Fetched customer details successfully for Cust_Code = 2291',
  timestamp: '2025-08-29T14:56:06+05:30'
}
{
  endpoint: '/getDCRegisterByID',
  method: 'GET',
  queryParams: { id: '23427' },
  level: 'info',
  message: 'Fetching DC register record by ID',
  timestamp: '2025-08-29T14:56:06+05:30'
}
{
  level: 'info',
  message: 'listening on port 4026',
  timestamp: '2025-08-29T14:57:03+05:30'
}
{
  endpoint: '/getCustomerByCustCode',
  method: 'GET',
  queryParams: { code: '2291' },
  level: 'info',
  message: 'Requested customer details by Cust_Code',
  timestamp: '2025-08-29T14:57:26+05:30'
}
{
  endpoint: '/getCustomerByCustCode',
  level: 'info',
  message: 'Fetched customer details successfully for Cust_Code = 2291',
  timestamp: '2025-08-29T14:57:27+05:30'
}
{
  endpoint: '/getCustomerByCustCode',
  method: 'GET',
  queryParams: { code: '2291' },
  level: 'info',
  message: 'Requested customer details by Cust_Code',
  timestamp: '2025-08-29T14:57:27+05:30'
}
{
  endpoint: '/getCustomerByCustCode',
  level: 'info',
  message: 'Fetched customer details successfully for Cust_Code = 2291',
  timestamp: '2025-08-29T14:57:27+05:30'
}
{
  endpoint: '/getDCRegisterByID',
  method: 'GET',
  queryParams: { id: '23428' },
  level: 'info',
  message: 'Fetching DC register record by ID',
  timestamp: '2025-08-29T14:57:27+05:30'
}
{
  level: 'info',
  message: 'listening on port 4026',
  timestamp: '2025-08-29T15:13:02+05:30'
}
{
  endpoint: '/allcustomers',
  method: 'GET',
  level: 'info',
  message: 'Requested for all customers list',
  timestamp: '2025-08-29T15:13:12+05:30'
}
{
  endpoint: '/allcustomers',
  level: 'info',
  message: 'Fetched all customers list successfully',
  timestamp: '2025-08-29T15:13:13+05:30'
}
{
  level: 'info',
  message: 'successfully fetched data from mtrl_data',
  timestamp: '2025-08-29T15:13:15+05:30'
}
{
  level: 'info',
  message: 'successfully fetched data from magodlaser_units',
  timestamp: '2025-08-29T15:13:22+05:30'
}
{
  endpoint: '/getCustomerByCustCode',
  method: 'GET',
  queryParams: { code: '2291' },
  level: 'info',
  message: 'Requested customer details by Cust_Code',
  timestamp: '2025-08-29T15:13:22+05:30'
}
{
  endpoint: '/getCustomerByCustCode',
  level: 'info',
  message: 'Fetched customer details successfully for Cust_Code = 2291',
  timestamp: '2025-08-29T15:13:22+05:30'
}
{
  endpoint: '/getCustomerByCustCode',
  method: 'GET',
  queryParams: { code: '2291' },
  level: 'info',
  message: 'Requested customer details by Cust_Code',
  timestamp: '2025-08-29T15:13:39+05:30'
}
{
  endpoint: '/getCustomerByCustCode',
  level: 'info',
  message: 'Fetched customer details successfully for Cust_Code = 2291',
  timestamp: '2025-08-29T15:13:39+05:30'
}
{
  endpoint: '/getCustomerByCustCode',
  method: 'GET',
  queryParams: { code: '2291' },
  level: 'info',
  message: 'Requested customer details by Cust_Code',
  timestamp: '2025-08-29T15:13:39+05:30'
}
{
  endpoint: '/getDCRegisterByID',
  method: 'GET',
  queryParams: { id: '23429' },
  level: 'info',
  message: 'Fetching DC register record by ID',
  timestamp: '2025-08-29T15:13:40+05:30'
}
{
  endpoint: '/getCustomerByCustCode',
  level: 'info',
  message: 'Fetched customer details successfully for Cust_Code = 2291',
  timestamp: '2025-08-29T15:13:40+05:30'
}
{
  level: 'info',
  message: 'listening on port 4026',
  timestamp: '2025-08-29T15:13:52+05:30'
}
{
  level: 'info',
  message: 'listening on port 4026',
  timestamp: '2025-08-29T15:17:27+05:30'
}
{
  endpoint: '/allcustomers',
  method: 'GET',
  level: 'info',
  message: 'Requested for all customers list',
  timestamp: '2025-08-29T15:17:38+05:30'
}
{
  endpoint: '/allcustomers',
  level: 'info',
  message: 'Fetched all customers list successfully',
  timestamp: '2025-08-29T15:17:39+05:30'
}
{
  level: 'info',
  message: 'successfully fetched data from mtrl_data',
  timestamp: '2025-08-29T15:17:41+05:30'
}
{
  level: 'info',
  message: 'successfully fetched data from magodlaser_units',
  timestamp: '2025-08-29T15:17:51+05:30'
}
{
  endpoint: '/getCustomerByCustCode',
  method: 'GET',
  queryParams: { code: '2291' },
  level: 'info',
  message: 'Requested customer details by Cust_Code',
  timestamp: '2025-08-29T15:17:51+05:30'
}
{
  endpoint: '/getCustomerByCustCode',
  level: 'info',
  message: 'Fetched customer details successfully for Cust_Code = 2291',
  timestamp: '2025-08-29T15:17:51+05:30'
}
{
  endpoint: '/getCustomerByCustCode',
  method: 'GET',
  queryParams: { code: '2291' },
  level: 'info',
  message: 'Requested customer details by Cust_Code',
  timestamp: '2025-08-29T15:18:08+05:30'
}
{
  endpoint: '/getCustomerByCustCode',
  level: 'info',
  message: 'Fetched customer details successfully for Cust_Code = 2291',
  timestamp: '2025-08-29T15:18:08+05:30'
}
{
  endpoint: '/getCustomerByCustCode',
  method: 'GET',
  queryParams: { code: '2291' },
  level: 'info',
  message: 'Requested customer details by Cust_Code',
  timestamp: '2025-08-29T15:18:08+05:30'
}
{
  endpoint: '/getDCRegisterByID',
  method: 'GET',
  queryParams: { id: '23430' },
  level: 'info',
  message: 'Fetching DC register record by ID',
  timestamp: '2025-08-29T15:18:08+05:30'
}
{
  endpoint: '/getCustomerByCustCode',
  level: 'info',
  message: 'Fetched customer details successfully for Cust_Code = 2291',
  timestamp: '2025-08-29T15:18:08+05:30'
}
{
  level: 'info',
  message: 'listening on port 4026',
  timestamp: '2025-08-29T21:43:46+05:30'
}
{
  endpoint: '/allcustomers',
  method: 'GET',
  level: 'info',
  message: 'Requested for all customers list',
  timestamp: '2025-08-29T21:43:47+05:30'
}
{
  endpoint: '/allcustomers',
  level: 'info',
  message: 'Fetched all customers list successfully',
  timestamp: '2025-08-29T21:43:48+05:30'
}
{
  level: 'info',
  message: 'successfully fetched data from magodlaser_units',
  timestamp: '2025-08-29T21:43:53+05:30'
}
{
  endpoint: '/getCustomerByCustCode',
  method: 'GET',
  queryParams: { code: '2155' },
  level: 'info',
  message: 'Requested customer details by Cust_Code',
  timestamp: '2025-08-29T21:43:53+05:30'
}
{
  endpoint: '/getCustomerByCustCode',
  level: 'info',
  message: 'Fetched customer details successfully for Cust_Code = 2155',
  timestamp: '2025-08-29T21:43:53+05:30'
}
{
  endpoint: '/allcustomers',
  method: 'GET',
  level: 'info',
  message: 'Requested for all customers list',
  timestamp: '2025-08-29T21:43:58+05:30'
}
{
  endpoint: '/allcustomers',
  level: 'info',
  message: 'Fetched all customers list successfully',
  timestamp: '2025-08-29T21:43:58+05:30'
}
{
  level: 'info',
  message: 'successfully fetched data from magodlaser_units',
  timestamp: '2025-08-29T21:44:01+05:30'
}
{
  endpoint: '/getCustomerByCustCode',
  method: 'GET',
  queryParams: { code: '2291' },
  level: 'info',
  message: 'Requested customer details by Cust_Code',
  timestamp: '2025-08-29T21:44:01+05:30'
}
{
  endpoint: '/getCustomerByCustCode',
  level: 'info',
  message: 'Fetched customer details successfully for Cust_Code = 2291',
  timestamp: '2025-08-29T21:44:01+05:30'
}
{
  endpoint: '/getCustomerByCustCode',
  method: 'GET',
  queryParams: { code: '2291' },
  level: 'info',
  message: 'Requested customer details by Cust_Code',
  timestamp: '2025-08-29T21:44:06+05:30'
}
{
  endpoint: '/getCustomerByCustCode',
  level: 'info',
  message: 'Fetched customer details successfully for Cust_Code = 2291',
  timestamp: '2025-08-29T21:44:06+05:30'
}
{
  endpoint: '/getCustomerByCustCode',
  method: 'GET',
  queryParams: { code: '2291' },
  level: 'info',
  message: 'Requested customer details by Cust_Code',
  timestamp: '2025-08-29T21:44:06+05:30'
}
{
  endpoint: '/getCustomerByCustCode',
  level: 'info',
  message: 'Fetched customer details successfully for Cust_Code = 2291',
  timestamp: '2025-08-29T21:44:06+05:30'
}
{
  endpoint: '/getDCRegisterByID',
  method: 'GET',
  queryParams: { id: '23431' },
  level: 'info',
  message: 'Fetching DC register record by ID',
  timestamp: '2025-08-29T21:44:06+05:30'
}
{
  level: 'info',
  message: 'listening on port 4026',
  timestamp: '2025-08-29T21:46:07+05:30'
}
{
  level: 'info',
  message: 'listening on port 4026',
  timestamp: '2025-08-29T21:47:25+05:30'
}
{
  level: 'info',
  message: 'listening on port 4026',
  timestamp: '2025-08-29T21:47:37+05:30'
}
{
  level: 'info',
  message: 'listening on port 4026',
  timestamp: '2025-08-29T21:47:52+05:30'
}
{
  endpoint: '/getCustomerByCustCode',
  method: 'GET',
  queryParams: { code: '2291' },
  level: 'info',
  message: 'Requested customer details by Cust_Code',
  timestamp: '2025-08-29T21:48:27+05:30'
}
{
  endpoint: '/getCustomerByCustCode',
  level: 'info',
  message: 'Fetched customer details successfully for Cust_Code = 2291',
  timestamp: '2025-08-29T21:48:27+05:30'
}
{
  endpoint: '/getCustomerByCustCode',
  method: 'GET',
  queryParams: { code: '2291' },
  level: 'info',
  message: 'Requested customer details by Cust_Code',
  timestamp: '2025-08-29T21:48:27+05:30'
}
{
  endpoint: '/getCustomerByCustCode',
  level: 'info',
  message: 'Fetched customer details successfully for Cust_Code = 2291',
  timestamp: '2025-08-29T21:48:27+05:30'
}
{
  endpoint: '/allcustomers',
  method: 'GET',
  level: 'info',
  message: 'Requested for all customers list',
  timestamp: '2025-08-29T21:48:34+05:30'
}
{
  endpoint: '/allcustomers',
  level: 'info',
  message: 'Fetched all customers list successfully',
  timestamp: '2025-08-29T21:48:34+05:30'
}
{
  level: 'info',
  message: 'successfully fetched data from magodlaser_units',
  timestamp: '2025-08-29T21:48:39+05:30'
}
{
  endpoint: '/getCustomerByCustCode',
  method: 'GET',
  queryParams: { code: '2291' },
  level: 'info',
  message: 'Requested customer details by Cust_Code',
  timestamp: '2025-08-29T21:48:39+05:30'
}
{
  endpoint: '/getCustomerByCustCode',
  level: 'info',
  message: 'Fetched customer details successfully for Cust_Code = 2291',
  timestamp: '2025-08-29T21:48:39+05:30'
}
{
  endpoint: '/getCustomerByCustCode',
  method: 'GET',
  queryParams: { code: '2291' },
  level: 'info',
  message: 'Requested customer details by Cust_Code',
  timestamp: '2025-08-29T21:49:13+05:30'
}
{
  endpoint: '/getCustomerByCustCode',
  level: 'info',
  message: 'Fetched customer details successfully for Cust_Code = 2291',
  timestamp: '2025-08-29T21:49:13+05:30'
}
{
  endpoint: '/getCustomerByCustCode',
  method: 'GET',
  queryParams: { code: '2291' },
  level: 'info',
  message: 'Requested customer details by Cust_Code',
  timestamp: '2025-08-29T21:49:13+05:30'
}
{
  endpoint: '/getCustomerByCustCode',
  level: 'info',
  message: 'Fetched customer details successfully for Cust_Code = 2291',
  timestamp: '2025-08-29T21:49:13+05:30'
}
{
  endpoint: '/allcustomers',
  method: 'GET',
  level: 'info',
  message: 'Requested for all customers list',
  timestamp: '2025-08-29T21:49:19+05:30'
}
{
  endpoint: '/allcustomers',
  level: 'info',
  message: 'Fetched all customers list successfully',
  timestamp: '2025-08-29T21:49:19+05:30'
}
{
  level: 'info',
  message: 'successfully fetched data from mtrl_data',
  timestamp: '2025-08-29T21:49:23+05:30'
}
{
  level: 'info',
  message: 'successfully fetched data from magodlaser_units',
  timestamp: '2025-08-29T21:49:32+05:30'
}
{
  endpoint: '/getCustomerByCustCode',
  method: 'GET',
  queryParams: { code: '2291' },
  level: 'info',
  message: 'Requested customer details by Cust_Code',
  timestamp: '2025-08-29T21:49:32+05:30'
}
{
  endpoint: '/getCustomerByCustCode',
  level: 'info',
  message: 'Fetched customer details successfully for Cust_Code = 2291',
  timestamp: '2025-08-29T21:49:32+05:30'
}
{
  endpoint: '/getCustomerByCustCode',
  method: 'GET',
  queryParams: { code: '2291' },
  level: 'info',
  message: 'Requested customer details by Cust_Code',
  timestamp: '2025-08-29T21:49:47+05:30'
}
{
  endpoint: '/getCustomerByCustCode',
  level: 'info',
  message: 'Fetched customer details successfully for Cust_Code = 2291',
  timestamp: '2025-08-29T21:49:47+05:30'
}
{
  endpoint: '/getCustomerByCustCode',
  method: 'GET',
  queryParams: { code: '2291' },
  level: 'info',
  message: 'Requested customer details by Cust_Code',
  timestamp: '2025-08-29T21:49:48+05:30'
}
{
  endpoint: '/getCustomerByCustCode',
  level: 'info',
  message: 'Fetched customer details successfully for Cust_Code = 2291',
  timestamp: '2025-08-29T21:49:48+05:30'
}
{
  endpoint: '/allcustomers',
  method: 'GET',
  level: 'info',
  message: 'Requested for all customers list',
  timestamp: '2025-08-29T21:55:07+05:30'
}
{
  level: 'info',
  message: 'successfully fetched data from magodlaser_units',
  timestamp: '2025-08-29T21:55:07+05:30'
}
{
  level: 'info',
  message: 'successfully fetched data from magodlaser_units',
  timestamp: '2025-08-29T21:55:07+05:30'
}
{
  endpoint: '/allcustomers',
  level: 'info',
  message: 'Fetched all customers list successfully',
  timestamp: '2025-08-29T21:55:07+05:30'
}
{
  level: 'info',
  message: 'successfully fetched data from magodlaser_units',
  timestamp: '2025-08-29T21:55:36+05:30'
}
{
  level: 'info',
  message: 'successfully fetched data from magodlaser_units',
  timestamp: '2025-08-29T21:55:36+05:30'
}
{
  endpoint: '/allcustomers',
  method: 'GET',
  level: 'info',
  message: 'Requested for all customers list',
  timestamp: '2025-08-29T21:55:36+05:30'
}
{
  endpoint: '/allcustomers',
  level: 'info',
  message: 'Fetched all customers list successfully',
  timestamp: '2025-08-29T21:55:36+05:30'
}
{
  endpoint: '/allcustomers',
  method: 'GET',
  level: 'info',
  message: 'Requested for all customers list',
  timestamp: '2025-08-29T21:55:52+05:30'
}
{
  endpoint: '/allcustomers',
  level: 'info',
  message: 'Fetched all customers list successfully',
  timestamp: '2025-08-29T21:55:52+05:30'
}
{
  level: 'info',
  message: 'successfully fetched data from magodlaser_units',
  timestamp: '2025-08-29T21:55:54+05:30'
}
{
  level: 'info',
  message: 'successfully fetched data from magodlaser_units',
  timestamp: '2025-08-29T21:55:54+05:30'
}
{
  endpoint: '/allcustomers',
  method: 'GET',
  level: 'info',
  message: 'Requested for all customers list',
  timestamp: '2025-08-29T21:55:54+05:30'
}
{
  endpoint: '/allcustomers',
  level: 'info',
  message: 'Fetched all customers list successfully',
  timestamp: '2025-08-29T21:55:54+05:30'
}
{
  level: 'info',
  message: 'successfully fetched data from magodlaser_units',
  timestamp: '2025-08-29T21:56:39+05:30'
}
{
  level: 'info',
  message: 'successfully fetched data from magodlaser_units',
  timestamp: '2025-08-29T21:56:39+05:30'
}
{
  level: 'info',
  message: 'successfully fetched data from magodlaser_units',
  timestamp: '2025-08-29T21:56:41+05:30'
}
{
  endpoint: '/allcustomers',
  method: 'GET',
  level: 'info',
  message: 'Requested for all customers list',
  timestamp: '2025-08-29T21:56:43+05:30'
}
{
  endpoint: '/allcustomers',
  level: 'info',
  message: 'Fetched all customers list successfully',
  timestamp: '2025-08-29T21:56:43+05:30'
}
{
  endpoint: '/allcustomers',
  method: 'GET',
  level: 'info',
  message: 'Requested for all customers list',
  timestamp: '2025-08-29T21:56:44+05:30'
}
{
  level: 'info',
  message: 'successfully fetched data from magodlaser_units',
  timestamp: '2025-08-29T21:56:44+05:30'
}
{
  level: 'info',
  message: 'successfully fetched data from magodlaser_units',
  timestamp: '2025-08-29T21:56:44+05:30'
}
{
  endpoint: '/allcustomers',
  level: 'info',
  message: 'Fetched all customers list successfully',
  timestamp: '2025-08-29T21:56:44+05:30'
}
{
  endpoint: '/allcustomers',
  method: 'GET',
  level: 'info',
  message: 'Requested for all customers list',
  timestamp: '2025-08-29T21:59:15+05:30'
}
{
  endpoint: '/allcustomers',
  level: 'info',
  message: 'Fetched all customers list successfully',
  timestamp: '2025-08-29T21:59:15+05:30'
}
{
  level: 'info',
  message: 'successfully fetched data from magodlaser_units',
  timestamp: '2025-08-29T22:01:01+05:30'
}
{
  level: 'info',
  message: 'successfully fetched data from magodlaser_units',
  timestamp: '2025-08-29T22:01:01+05:30'
}
{
  endpoint: '/allcustomers',
  method: 'GET',
  level: 'info',
  message: 'Requested for all customers list',
  timestamp: '2025-08-29T22:02:21+05:30'
}
{
  endpoint: '/allcustomers',
  level: 'info',
  message: 'Fetched all customers list successfully',
  timestamp: '2025-08-29T22:02:21+05:30'
}
{
  level: 'info',
  message: 'successfully fetched data from mtrl_data',
  timestamp: '2025-08-29T22:02:28+05:30'
}
{
  level: 'info',
  message: 'successfully fetched data from magodlaser_units',
  timestamp: '2025-08-29T22:03:05+05:30'
}
{
  endpoint: '/getCustomerByCustCode',
  method: 'GET',
  queryParams: { code: '2291' },
  level: 'info',
  message: 'Requested customer details by Cust_Code',
  timestamp: '2025-08-29T22:03:05+05:30'
}
{
  endpoint: '/getCustomerByCustCode',
  level: 'info',
  message: 'Fetched customer details successfully for Cust_Code = 2291',
  timestamp: '2025-08-29T22:03:05+05:30'
}
{
  endpoint: '/getCustomerByCustCode',
  method: 'GET',
  queryParams: { code: '2291' },
  level: 'info',
  message: 'Requested customer details by Cust_Code',
  timestamp: '2025-08-29T22:03:20+05:30'
}
{
  endpoint: '/getCustomerByCustCode',
  level: 'info',
  message: 'Fetched customer details successfully for Cust_Code = 2291',
  timestamp: '2025-08-29T22:03:20+05:30'
}
{
  endpoint: '/getCustomerByCustCode',
  method: 'GET',
  queryParams: { code: '2291' },
  level: 'info',
  message: 'Requested customer details by Cust_Code',
  timestamp: '2025-08-29T22:03:20+05:30'
}
{
  endpoint: '/getCustomerByCustCode',
  level: 'info',
  message: 'Fetched customer details successfully for Cust_Code = 2291',
  timestamp: '2025-08-29T22:03:20+05:30'
}
{
  level: 'info',
  message: 'successfully fetched data from magodlaser_units',
  timestamp: '2025-08-29T22:06:16+05:30'
}
{
  endpoint: '/getCustomerByCustCode',
  method: 'GET',
  queryParams: { code: '2291' },
  level: 'info',
  message: 'Requested customer details by Cust_Code',
  timestamp: '2025-08-29T22:06:16+05:30'
}
{
  endpoint: '/getCustomerByCustCode',
  level: 'info',
  message: 'Fetched customer details successfully for Cust_Code = 2291',
  timestamp: '2025-08-29T22:06:16+05:30'
}
