{
  level: 'info',
  message: 'listening on port 4026',
  timestamp: '2025-08-09T11:43:58+05:30'
}
{
  level: 'info',
  message: 'listening on port 4026',
  timestamp: '2025-08-09T11:53:56+05:30'
}
{
  level: 'info',
  message: 'listening on port 4026',
  timestamp: '2025-08-09T11:54:24+05:30'
}
{
  level: 'info',
  message: 'listening on port 4026',
  timestamp: '2025-08-09T11:54:54+05:30'
}
{
  level: 'info',
  message: 'listening on port 4026',
  timestamp: '2025-08-09T11:56:03+05:30'
}
{
  endpoint: '/allcustomers',
  method: 'GET',
  level: 'info',
  message: 'Requested for all customers list',
  timestamp: '2025-08-09T11:56:12+05:30'
}
{
  endpoint: '/allcustomers',
  level: 'info',
  message: 'Fetched all customers list successfully',
  timestamp: '2025-08-09T11:56:12+05:30'
}
{
  level: 'info',
  message: 'successfully fetched cust_bomlist data',
  timestamp: '2025-08-09T11:56:20+05:30'
}
{
  level: 'info',
  message: 'successfully fetched cust_bomlist data',
  timestamp: '2025-08-09T11:56:25+05:30'
}
{
  endpoint: '/allcustomers',
  method: 'GET',
  level: 'info',
  message: 'Requested for all customers list',
  timestamp: '2025-08-09T11:56:31+05:30'
}
{
  endpoint: '/allcustomers',
  level: 'info',
  message: 'Fetched all customers list successfully',
  timestamp: '2025-08-09T11:56:32+05:30'
}
{
  level: 'info',
  message: 'listening on port 4026',
  timestamp: '2025-08-09T15:17:14+05:30'
}
{
  level: 'info',
  message: 'successfully selected data for Type=Service and HasBOM = 0',
  timestamp: '2025-08-09T15:22:06+05:30'
}
{
  level: 'info',
  message: "successfully fetched data with Type='Service' and HasBOM = 0",
  timestamp: '2025-08-09T15:22:07+05:30'
}
{
  level: 'info',
  message: "successfully fetched data with Type='Service', HasBOM = 0 and machine='Laser 10'",
  timestamp: '2025-08-09T15:22:07+05:30'
}
{
  level: 'info',
  message: "successfully fetched data with Type='Service', HasBOM = 0 and machine='LasWeld2'",
  timestamp: '2025-08-09T15:22:07+05:30'
}
{
  level: 'info',
  message: "successfully fetched data with Type='Service', HasBOM = 0 and machine='LasWeld7'",
  timestamp: '2025-08-09T15:22:07+05:30'
}
{
  level: 'info',
  message: "successfully fetched data with Type='Service', HasBOM = 0 and machine='Laser 41'",
  timestamp: '2025-08-09T15:22:08+05:30'
}
{
  level: 'info',
  message: "successfully fetched data with Type='Service', HasBOM = 0 and machine='LasWeld6'",
  timestamp: '2025-08-09T15:22:08+05:30'
}
{
  level: 'info',
  message: "successfully fetched data with Type='Service', HasBOM = 0 and machine='Laser 31'",
  timestamp: '2025-08-09T15:22:08+05:30'
}
{
  level: 'info',
  message: "successfully fetched data with Type='Service', HasBOM = 0 and machine='Bending V85'",
  timestamp: '2025-08-09T15:22:08+05:30'
}
{
  level: 'info',
  message: "successfully fetched data with Type='Service', HasBOM = 0 and machine='Bending V3200'",
  timestamp: '2025-08-09T15:22:08+05:30'
}
{
  level: 'info',
  message: "successfully fetched data with Type='Service', HasBOM = 0 and machine='Laser 27 (3010)'",
  timestamp: '2025-08-09T15:22:08+05:30'
}
{
  level: 'info',
  message: "successfully fetched data with Type='Service', HasBOM = 0 and machine='LasWeld1'",
  timestamp: '2025-08-09T15:22:08+05:30'
}
{
  level: 'info',
  message: "successfully fetched data with Type='Service', HasBOM = 0 and machine='Laser 15'",
  timestamp: '2025-08-09T15:22:08+05:30'
}
{
  level: 'info',
  message: "successfully fetched data with Type='Service', HasBOM = 0 and machine='LasWeld4'",
  timestamp: '2025-08-09T15:22:08+05:30'
}
{
  level: 'info',
  message: "successfully fetched data with Type='Service', HasBOM = 0 and machine='L3DP1'",
  timestamp: '2025-08-09T15:22:08+05:30'
}
{
  level: 'info',
  message: "successfully fetched data with Type='Service', HasBOM = 0 and machine='Bending1'",
  timestamp: '2025-08-09T15:22:08+05:30'
}
{
  level: 'info',
  message: "successfully fetched data with Type='Service', HasBOM = 0 and machine='Laser 38'",
  timestamp: '2025-08-09T15:22:08+05:30'
}
{
  level: 'info',
  message: "successfully fetched data with Type='Service', HasBOM = 0 and machine='LMS1'",
  timestamp: '2025-08-09T15:22:08+05:30'
}
{
  level: 'info',
  message: "successfully fetched data with Type='Service', HasBOM = 0 and machine='Laser 34'",
  timestamp: '2025-08-09T15:22:08+05:30'
}
{
  level: 'info',
  message: "successfully fetched data with Type='Service', HasBOM = 0 and machine='Bending V50'",
  timestamp: '2025-08-09T15:22:08+05:30'
}
{
  level: 'info',
  message: "successfully fetched data with Type='Service', HasBOM = 0 and machine='Laser 39'",
  timestamp: '2025-08-09T15:22:08+05:30'
}
{
  level: 'info',
  message: "successfully fetched data with Type='Service', HasBOM = 0 and machine='Laser 10' and MProcess='Process 33'",
  timestamp: '2025-08-09T15:22:08+05:30'
}
{
  level: 'info',
  message: "successfully fetched data with Type='Service', HasBOM = 0 and machine='Laser 10' and MProcess='Process 11'",
  timestamp: '2025-08-09T15:22:08+05:30'
}
{
  level: 'info',
  message: "successfully fetched data with Type='Service', HasBOM = 0 and machine='Laser 10' and MProcess='Process AS 03'",
  timestamp: '2025-08-09T15:22:08+05:30'
}
{
  level: 'info',
  message: "successfully fetched data with Type='Service', HasBOM = 0 and machine='Laser 10' and MProcess='Process AS 02'",
  timestamp: '2025-08-09T15:22:08+05:30'
}
{
  level: 'info',
  message: "successfully fetched data with Type='Service', HasBOM = 0 and machine='Laser 10' and MProcess='Process 14'",
  timestamp: '2025-08-09T15:22:08+05:30'
}
{
  level: 'info',
  message: "successfully fetched data with Type='Service', HasBOM = 0 and machine='LasWeld2' and MProcess='Process 11'",
  timestamp: '2025-08-09T15:22:08+05:30'
}
{
  level: 'info',
  message: "successfully fetched data with Type='Service', HasBOM = 0 and machine='LasWeld2' and MProcess='Process AS 02'",
  timestamp: '2025-08-09T15:22:08+05:30'
}
{
  level: 'info',
  message: "successfully fetched data with Type='Service', HasBOM = 0 and machine='LasWeld2' and MProcess='Process 32'",
  timestamp: '2025-08-09T15:22:08+05:30'
}
{
  level: 'info',
  message: "successfully fetched data with Type='Service', HasBOM = 0 and machine='LasWeld7' and MProcess='Process 32'",
  timestamp: '2025-08-09T15:22:08+05:30'
}
{
  level: 'info',
  message: "successfully fetched data with Type='Service', HasBOM = 0 and machine='Laser 41' and MProcess='Process 33'",
  timestamp: '2025-08-09T15:22:08+05:30'
}
{
  level: 'info',
  message: "successfully fetched data with Type='Service', HasBOM = 0 and machine='LasWeld6' and MProcess='Process 32'",
  timestamp: '2025-08-09T15:22:08+05:30'
}
{
  level: 'info',
  message: "successfully fetched data with Type='Service', HasBOM = 0 and machine='LasWeld6' and MProcess='Process AS 02'",
  timestamp: '2025-08-09T15:22:08+05:30'
}
{
  level: 'info',
  message: "successfully fetched data with Type='Service', HasBOM = 0 and machine='LasWeld6' and MProcess='Process 11'",
  timestamp: '2025-08-09T15:22:08+05:30'
}
{
  level: 'info',
  message: "successfully fetched data with Type='Service', HasBOM = 0 and machine='Laser 31' and MProcess='Process 33'",
  timestamp: '2025-08-09T15:22:08+05:30'
}
{
  level: 'info',
  message: "successfully fetched data with Type='Service', HasBOM = 0 and machine='Laser 31' and MProcess='Process 37'",
  timestamp: '2025-08-09T15:22:08+05:30'
}
{
  level: 'info',
  message: "successfully fetched data with Type='Service', HasBOM = 0 and machine='LasWeld1' and MProcess='Process 11'",
  timestamp: '2025-08-09T15:22:08+05:30'
}
{
  level: 'info',
  message: "successfully fetched data with Type='Service', HasBOM = 0 and machine='Bending V85' and MProcess='Process 4'",
  timestamp: '2025-08-09T15:22:08+05:30'
}
{
  level: 'info',
  message: "successfully fetched data with Type='Service', HasBOM = 0 and machine='Bending V3200' and MProcess='Process 4'",
  timestamp: '2025-08-09T15:22:08+05:30'
}
{
  level: 'info',
  message: "successfully fetched data with Type='Service', HasBOM = 0 and machine='Laser 27 (3010)' and MProcess='Process 33'",
  timestamp: '2025-08-09T15:22:08+05:30'
}
{
  level: 'info',
  message: "successfully fetched data with Type='Service', HasBOM = 0 and machine='Laser 27 (3010)' and MProcess='Process AS 03'",
  timestamp: '2025-08-09T15:22:08+05:30'
}
{
  level: 'info',
  message: "successfully fetched data with Type='Service', HasBOM = 0 and machine='LasWeld1' and MProcess='Process 32'",
  timestamp: '2025-08-09T15:22:08+05:30'
}
{
  level: 'info',
  message: "successfully fetched data with Type='Service', HasBOM = 0 and machine='Laser 15' and MProcess='Process 11'",
  timestamp: '2025-08-09T15:22:08+05:30'
}
{
  level: 'info',
  message: "successfully fetched data with Type='Service', HasBOM = 0 and machine='Laser 15' and MProcess='Process 33'",
  timestamp: '2025-08-09T15:22:08+05:30'
}
{
  level: 'info',
  message: "successfully fetched data with Type='Service', HasBOM = 0 and machine='LasWeld4' and MProcess='Process 11'",
  timestamp: '2025-08-09T15:22:08+05:30'
}
{
  level: 'info',
  message: "successfully fetched data with Type='Service', HasBOM = 0 and machine='LasWeld4' and MProcess='Process 32'",
  timestamp: '2025-08-09T15:22:08+05:30'
}
{
  level: 'info',
  message: "successfully fetched data with Type='Service', HasBOM = 0 and machine='L3DP1' and MProcess='Process 30'",
  timestamp: '2025-08-09T15:22:08+05:30'
}
{
  level: 'info',
  message: "successfully fetched data with Type='Service', HasBOM = 0 and machine='Bending1' and MProcess='Process 4'",
  timestamp: '2025-08-09T15:22:08+05:30'
}
{
  level: 'info',
  message: "successfully fetched data with Type='Service', HasBOM = 0 and machine='Laser 38' and MProcess='Process 33'",
  timestamp: '2025-08-09T15:22:08+05:30'
}
{
  level: 'info',
  message: "successfully fetched data with Type='Service', HasBOM = 0 and machine='LMS1' and MProcess='Process 36'",
  timestamp: '2025-08-09T15:22:08+05:30'
}
{
  level: 'info',
  message: "successfully fetched data with Type='Service', HasBOM = 0 and machine='Laser 34' and MProcess='Process 33'",
  timestamp: '2025-08-09T15:22:08+05:30'
}
{
  level: 'info',
  message: "successfully fetched data with Type='Service', HasBOM = 0 and machine='Laser 34' and MProcess='Process 37'",
  timestamp: '2025-08-09T15:22:08+05:30'
}
{
  level: 'info',
  message: "successfully fetched data with Type='Service', HasBOM = 0 and machine='Bending V50' and MProcess='Process 4'",
  timestamp: '2025-08-09T15:22:08+05:30'
}
{
  level: 'info',
  message: "successfully fetched data with Type='Service', HasBOM = 0 and machine='Laser 39' and MProcess='Process 33'",
  timestamp: '2025-08-09T15:22:08+05:30'
}
{
  level: 'info',
  message: 'successfully fetched data from ncprograms with Ncid = 443818',
  timestamp: '2025-08-09T15:23:30+05:30'
}
{
  level: 'info',
  message: 'successfully fetched data from mtrlstocklist',
  timestamp: '2025-08-09T15:23:32+05:30'
}
{
  level: 'info',
  message: 'Successfully fetched from cust_data with Cust_Code = 2291',
  timestamp: '2025-08-09T15:23:32+05:30'
}
{
  level: 'info',
  message: 'successfully fetched data from ncprograms with Ncid = 443818',
  timestamp: '2025-08-09T15:23:49+05:30'
}
{
  level: 'info',
  message: 'Successfully fetched from cust_data with Cust_Code = 2291',
  timestamp: '2025-08-09T15:23:49+05:30'
}
{
  level: 'info',
  message: 'successfully fetched data from mtrlstocklist',
  timestamp: '2025-08-09T15:23:51+05:30'
}
{
  level: 'info',
  message: 'successfully fetched data from ncprograms with Ncid = 443818',
  timestamp: '2025-08-09T15:23:55+05:30'
}
{
  level: 'info',
  message: 'Successfully fetched from cust_data with Cust_Code = 2291',
  timestamp: '2025-08-09T15:23:55+05:30'
}
{
  level: 'info',
  message: 'successfully fetched data from mtrlstocklist',
  timestamp: '2025-08-09T15:23:56+05:30'
}
{
  level: 'info',
  message: 'listening on port 4026',
  timestamp: '2025-08-09T15:25:47+05:30'
}
{
  level: 'info',
  message: 'successfully selected data for Type=Service and HasBOM = 0',
  timestamp: '2025-08-09T15:26:02+05:30'
}
{
  level: 'info',
  message: "successfully fetched data with Type='Service' and HasBOM = 0",
  timestamp: '2025-08-09T15:26:02+05:30'
}
{
  level: 'info',
  message: "successfully fetched data with Type='Service', HasBOM = 0 and machine='Laser 10'",
  timestamp: '2025-08-09T15:26:03+05:30'
}
{
  level: 'info',
  message: "successfully fetched data with Type='Service', HasBOM = 0 and machine='LasWeld2'",
  timestamp: '2025-08-09T15:26:03+05:30'
}
{
  level: 'info',
  message: "successfully fetched data with Type='Service', HasBOM = 0 and machine='LasWeld6'",
  timestamp: '2025-08-09T15:26:03+05:30'
}
{
  level: 'info',
  message: "successfully fetched data with Type='Service', HasBOM = 0 and machine='Laser 31'",
  timestamp: '2025-08-09T15:26:03+05:30'
}
{
  level: 'info',
  message: "successfully fetched data with Type='Service', HasBOM = 0 and machine='Laser 38'",
  timestamp: '2025-08-09T15:26:03+05:30'
}
{
  level: 'info',
  message: "successfully fetched data with Type='Service', HasBOM = 0 and machine='Bending1'",
  timestamp: '2025-08-09T15:26:03+05:30'
}
{
  level: 'info',
  message: "successfully fetched data with Type='Service', HasBOM = 0 and machine='Laser 15'",
  timestamp: '2025-08-09T15:26:03+05:30'
}
{
  level: 'info',
  message: "successfully fetched data with Type='Service', HasBOM = 0 and machine='LasWeld1'",
  timestamp: '2025-08-09T15:26:03+05:30'
}
{
  level: 'info',
  message: "successfully fetched data with Type='Service', HasBOM = 0 and machine='LasWeld4'",
  timestamp: '2025-08-09T15:26:03+05:30'
}
{
  level: 'info',
  message: "successfully fetched data with Type='Service', HasBOM = 0 and machine='LMS1'",
  timestamp: '2025-08-09T15:26:03+05:30'
}
{
  level: 'info',
  message: "successfully fetched data with Type='Service', HasBOM = 0 and machine='Laser 27 (3010)'",
  timestamp: '2025-08-09T15:26:03+05:30'
}
{
  level: 'info',
  message: "successfully fetched data with Type='Service', HasBOM = 0 and machine='Laser 34'",
  timestamp: '2025-08-09T15:26:03+05:30'
}
{
  level: 'info',
  message: "successfully fetched data with Type='Service', HasBOM = 0 and machine='Laser 39'",
  timestamp: '2025-08-09T15:26:03+05:30'
}
{
  level: 'info',
  message: "successfully fetched data with Type='Service', HasBOM = 0 and machine='Bending V50'",
  timestamp: '2025-08-09T15:26:03+05:30'
}
{
  level: 'info',
  message: "successfully fetched data with Type='Service', HasBOM = 0 and machine='Laser 41'",
  timestamp: '2025-08-09T15:26:03+05:30'
}
{
  level: 'info',
  message: "successfully fetched data with Type='Service', HasBOM = 0 and machine='LasWeld7'",
  timestamp: '2025-08-09T15:26:03+05:30'
}
{
  level: 'info',
  message: "successfully fetched data with Type='Service', HasBOM = 0 and machine='Bending V85'",
  timestamp: '2025-08-09T15:26:03+05:30'
}
{
  level: 'info',
  message: "successfully fetched data with Type='Service', HasBOM = 0 and machine='Bending V3200'",
  timestamp: '2025-08-09T15:26:03+05:30'
}
{
  level: 'info',
  message: "successfully fetched data with Type='Service', HasBOM = 0 and machine='L3DP1'",
  timestamp: '2025-08-09T15:26:03+05:30'
}
{
  level: 'info',
  message: "successfully fetched data with Type='Service', HasBOM = 0 and machine='Laser 10' and MProcess='Process 33'",
  timestamp: '2025-08-09T15:26:03+05:30'
}
{
  level: 'info',
  message: "successfully fetched data with Type='Service', HasBOM = 0 and machine='Laser 10' and MProcess='Process 11'",
  timestamp: '2025-08-09T15:26:03+05:30'
}
{
  level: 'info',
  message: "successfully fetched data with Type='Service', HasBOM = 0 and machine='Laser 10' and MProcess='Process AS 03'",
  timestamp: '2025-08-09T15:26:03+05:30'
}
{
  level: 'info',
  message: "successfully fetched data with Type='Service', HasBOM = 0 and machine='Laser 10' and MProcess='Process AS 02'",
  timestamp: '2025-08-09T15:26:03+05:30'
}
{
  level: 'info',
  message: "successfully fetched data with Type='Service', HasBOM = 0 and machine='Laser 10' and MProcess='Process 14'",
  timestamp: '2025-08-09T15:26:03+05:30'
}
{
  level: 'info',
  message: "successfully fetched data with Type='Service', HasBOM = 0 and machine='LasWeld2' and MProcess='Process 11'",
  timestamp: '2025-08-09T15:26:03+05:30'
}
{
  level: 'info',
  message: "successfully fetched data with Type='Service', HasBOM = 0 and machine='LasWeld2' and MProcess='Process AS 02'",
  timestamp: '2025-08-09T15:26:03+05:30'
}
{
  level: 'info',
  message: "successfully fetched data with Type='Service', HasBOM = 0 and machine='LasWeld2' and MProcess='Process 32'",
  timestamp: '2025-08-09T15:26:03+05:30'
}
{
  level: 'info',
  message: "successfully fetched data with Type='Service', HasBOM = 0 and machine='LasWeld6' and MProcess='Process 32'",
  timestamp: '2025-08-09T15:26:03+05:30'
}
{
  level: 'info',
  message: "successfully fetched data with Type='Service', HasBOM = 0 and machine='LasWeld6' and MProcess='Process AS 02'",
  timestamp: '2025-08-09T15:26:03+05:30'
}
{
  level: 'info',
  message: "successfully fetched data with Type='Service', HasBOM = 0 and machine='LasWeld6' and MProcess='Process 11'",
  timestamp: '2025-08-09T15:26:03+05:30'
}
{
  level: 'info',
  message: "successfully fetched data with Type='Service', HasBOM = 0 and machine='Laser 31' and MProcess='Process 33'",
  timestamp: '2025-08-09T15:26:03+05:30'
}
{
  level: 'info',
  message: "successfully fetched data with Type='Service', HasBOM = 0 and machine='Laser 31' and MProcess='Process 37'",
  timestamp: '2025-08-09T15:26:03+05:30'
}
{
  level: 'info',
  message: "successfully fetched data with Type='Service', HasBOM = 0 and machine='Laser 38' and MProcess='Process 33'",
  timestamp: '2025-08-09T15:26:03+05:30'
}
{
  level: 'info',
  message: "successfully fetched data with Type='Service', HasBOM = 0 and machine='Bending1' and MProcess='Process 4'",
  timestamp: '2025-08-09T15:26:03+05:30'
}
{
  level: 'info',
  message: "successfully fetched data with Type='Service', HasBOM = 0 and machine='Laser 15' and MProcess='Process 11'",
  timestamp: '2025-08-09T15:26:03+05:30'
}
{
  level: 'info',
  message: "successfully fetched data with Type='Service', HasBOM = 0 and machine='Laser 15' and MProcess='Process 33'",
  timestamp: '2025-08-09T15:26:03+05:30'
}
{
  level: 'info',
  message: "successfully fetched data with Type='Service', HasBOM = 0 and machine='LasWeld1' and MProcess='Process 11'",
  timestamp: '2025-08-09T15:26:03+05:30'
}
{
  level: 'info',
  message: "successfully fetched data with Type='Service', HasBOM = 0 and machine='LasWeld1' and MProcess='Process 32'",
  timestamp: '2025-08-09T15:26:03+05:30'
}
{
  level: 'info',
  message: "successfully fetched data with Type='Service', HasBOM = 0 and machine='LasWeld4' and MProcess='Process 11'",
  timestamp: '2025-08-09T15:26:03+05:30'
}
{
  level: 'info',
  message: "successfully fetched data with Type='Service', HasBOM = 0 and machine='LasWeld4' and MProcess='Process 32'",
  timestamp: '2025-08-09T15:26:03+05:30'
}
{
  level: 'info',
  message: "successfully fetched data with Type='Service', HasBOM = 0 and machine='LMS1' and MProcess='Process 36'",
  timestamp: '2025-08-09T15:26:03+05:30'
}
{
  level: 'info',
  message: "successfully fetched data with Type='Service', HasBOM = 0 and machine='Laser 27 (3010)' and MProcess='Process 33'",
  timestamp: '2025-08-09T15:26:03+05:30'
}
{
  level: 'info',
  message: "successfully fetched data with Type='Service', HasBOM = 0 and machine='Laser 27 (3010)' and MProcess='Process AS 03'",
  timestamp: '2025-08-09T15:26:03+05:30'
}
{
  level: 'info',
  message: "successfully fetched data with Type='Service', HasBOM = 0 and machine='Laser 34' and MProcess='Process 33'",
  timestamp: '2025-08-09T15:26:03+05:30'
}
{
  level: 'info',
  message: "successfully fetched data with Type='Service', HasBOM = 0 and machine='Laser 34' and MProcess='Process 37'",
  timestamp: '2025-08-09T15:26:03+05:30'
}
{
  level: 'info',
  message: "successfully fetched data with Type='Service', HasBOM = 0 and machine='Laser 39' and MProcess='Process 33'",
  timestamp: '2025-08-09T15:26:03+05:30'
}
{
  level: 'info',
  message: "successfully fetched data with Type='Service', HasBOM = 0 and machine='Bending V50' and MProcess='Process 4'",
  timestamp: '2025-08-09T15:26:03+05:30'
}
{
  level: 'info',
  message: "successfully fetched data with Type='Service', HasBOM = 0 and machine='Laser 41' and MProcess='Process 33'",
  timestamp: '2025-08-09T15:26:03+05:30'
}
{
  level: 'info',
  message: "successfully fetched data with Type='Service', HasBOM = 0 and machine='LasWeld7' and MProcess='Process 32'",
  timestamp: '2025-08-09T15:26:03+05:30'
}
{
  level: 'info',
  message: "successfully fetched data with Type='Service', HasBOM = 0 and machine='Bending V85' and MProcess='Process 4'",
  timestamp: '2025-08-09T15:26:03+05:30'
}
{
  level: 'info',
  message: "successfully fetched data with Type='Service', HasBOM = 0 and machine='Bending V3200' and MProcess='Process 4'",
  timestamp: '2025-08-09T15:26:03+05:30'
}
{
  level: 'info',
  message: "successfully fetched data with Type='Service', HasBOM = 0 and machine='L3DP1' and MProcess='Process 30'",
  timestamp: '2025-08-09T15:26:03+05:30'
}
{
  level: 'info',
  message: 'successfully fetched data from ncprograms with Ncid = 413226',
  timestamp: '2025-08-09T15:26:32+05:30'
}
{
  endpoint: '/getCustomerByCustCode',
  method: 'GET',
  queryParams: { code: '4252' },
  level: 'info',
  message: 'Requested customer details by Cust_Code',
  timestamp: '2025-08-09T15:26:32+05:30'
}
{
  level: 'info',
  message: 'successfully fetched data from mtrlstocklist',
  timestamp: '2025-08-09T15:26:33+05:30'
}
{
  endpoint: '/getCustomerByCustCode',
  level: 'info',
  message: 'Fetched customer details successfully for Cust_Code = 4252',
  timestamp: '2025-08-09T15:26:33+05:30'
}
{
  endpoint: '/allcustomers',
  method: 'GET',
  level: 'info',
  message: 'Requested for all customers list',
  timestamp: '2025-08-09T15:28:34+05:30'
}
{
  endpoint: '/allcustomers',
  level: 'info',
  message: 'Fetched all customers list successfully',
  timestamp: '2025-08-09T15:28:34+05:30'
}
{
  level: 'info',
  message: 'successfully fetched cust_bomlist data',
  timestamp: '2025-08-09T15:29:47+05:30'
}
{
  level: 'info',
  message: 'listening on port 4026',
  timestamp: '2025-08-09T15:30:17+05:30'
}
{
  level: 'info',
  message: 'listening on port 4026',
  timestamp: '2025-08-09T15:31:49+05:30'
}
{
  level: 'info',
  message: 'listening on port 4026',
  timestamp: '2025-08-09T15:36:31+05:30'
}
{
  level: 'info',
  message: 'successfully inserted data into  material_receipt_register',
  timestamp: '2025-08-09T15:36:44+05:30'
}
{
  level: 'info',
  message: 'successfully inserted data into mtrl_part_receipt_details ',
  timestamp: '2025-08-09T15:36:45+05:30'
}
{
  level: 'info',
  message: 'listening on port 4026',
  timestamp: '2025-08-09T15:37:34+05:30'
}
{
  endpoint: '/getCustBomId',
  method: 'POST',
  body: { partId: '444 - 3501', cust_Code: '2291' },
  level: 'info',
  message: 'Requested customer BOM entry by PartId and Cust_code',
  timestamp: '2025-08-09T15:38:40+05:30'
}
{
  endpoint: '/getCustBomId',
  level: 'info',
  message: 'Fetched customer BOM entry successfully for PartId=444 - 3501 and Cust_code=2291',
  timestamp: '2025-08-09T15:38:40+05:30'
}
{
  level: 'info',
  message: 'successfully updated mtrl_part_receipt_details for Id=7861',
  timestamp: '2025-08-09T15:38:40+05:30'
}
{
  endpoint: '/getCustBomId',
  method: 'POST',
  body: { partId: '444 - 3501', cust_Code: '2291' },
  level: 'info',
  message: 'Requested customer BOM entry by PartId and Cust_code',
  timestamp: '2025-08-09T15:38:42+05:30'
}
{
  endpoint: '/getCustBomId',
  level: 'info',
  message: 'Fetched customer BOM entry successfully for PartId=444 - 3501 and Cust_code=2291',
  timestamp: '2025-08-09T15:38:42+05:30'
}
{
  level: 'info',
  message: 'successfully updated mtrl_part_receipt_details for Id=7861',
  timestamp: '2025-08-09T15:38:42+05:30'
}
{
  endpoint: '/getCustBomId',
  method: 'POST',
  body: { partId: 'Trial 1', cust_Code: '2291' },
  level: 'info',
  message: 'Requested customer BOM entry by PartId and Cust_code',
  timestamp: '2025-08-09T15:38:44+05:30'
}
{
  endpoint: '/getCustBomId',
  level: 'info',
  message: 'Fetched customer BOM entry successfully for PartId=Trial 1 and Cust_code=2291',
  timestamp: '2025-08-09T15:38:44+05:30'
}
{
  level: 'info',
  message: 'successfully updated mtrl_part_receipt_details for Id=7861',
  timestamp: '2025-08-09T15:38:44+05:30'
}
{
  endpoint: '/getCustBomId',
  method: 'POST',
  body: { partId: 'Trial 2', cust_Code: '2291' },
  level: 'info',
  message: 'Requested customer BOM entry by PartId and Cust_code',
  timestamp: '2025-08-09T15:38:47+05:30'
}
{
  endpoint: '/getCustBomId',
  level: 'info',
  message: 'Fetched customer BOM entry successfully for PartId=Trial 2 and Cust_code=2291',
  timestamp: '2025-08-09T15:38:47+05:30'
}
{
  level: 'info',
  message: 'successfully updated mtrl_part_receipt_details for Id=7861',
  timestamp: '2025-08-09T15:38:47+05:30'
}
{
  level: 'info',
  message: 'listening on port 4026',
  timestamp: '2025-08-09T15:51:26+05:30'
}
{
  level: 'info',
  message: 'listening on port 4026',
  timestamp: '2025-08-09T15:51:36+05:30'
}
{
  level: 'info',
  message: 'listening on port 4026',
  timestamp: '2025-08-09T15:51:40+05:30'
}
{
  level: 'info',
  message: 'listening on port 4026',
  timestamp: '2025-08-09T15:51:49+05:30'
}
{
  level: 'info',
  message: 'listening on port 4026',
  timestamp: '2025-08-09T15:51:59+05:30'
}
{
  level: 'info',
  message: 'listening on port 4026',
  timestamp: '2025-08-09T15:52:07+05:30'
}
{
  endpoint: '/allcustomers',
  method: 'GET',
  level: 'info',
  message: 'Requested for all customers list',
  timestamp: '2025-08-09T16:12:37+05:30'
}
{
  level: 'info',
  message: 'successfully fetched data from magodlaser_units',
  timestamp: '2025-08-09T16:12:37+05:30'
}
{
  level: 'info',
  message: 'successfully fetched data from magodlaser_units',
  timestamp: '2025-08-09T16:12:37+05:30'
}
{
  endpoint: '/allcustomers',
  level: 'info',
  message: 'Fetched all customers list successfully',
  timestamp: '2025-08-09T16:12:37+05:30'
}
{
  level: 'info',
  message: 'listening on port 4026',
  timestamp: '2025-08-09T16:17:23+05:30'
}
{
  endpoint: '/allcustomers',
  method: 'GET',
  level: 'info',
  message: 'Requested for all customers list',
  timestamp: '2025-08-09T16:17:39+05:30'
}
{
  endpoint: '/allcustomers',
  level: 'info',
  message: 'Fetched all customers list successfully',
  timestamp: '2025-08-09T16:17:39+05:30'
}
{
  endpoint: '/allcustomers',
  method: 'GET',
  level: 'info',
  message: 'Requested for all customers list',
  timestamp: '2025-08-09T16:17:39+05:30'
}
{
  level: 'info',
  message: 'successfully fetched data from magodlaser_units',
  timestamp: '2025-08-09T16:17:39+05:30'
}
{
  level: 'info',
  message: 'successfully fetched data from magodlaser_units',
  timestamp: '2025-08-09T16:17:39+05:30'
}
{
  endpoint: '/allcustomers',
  level: 'info',
  message: 'Fetched all customers list successfully',
  timestamp: '2025-08-09T16:17:40+05:30'
}
{
  level: 'info',
  message: 'listening on port 4026',
  timestamp: '2025-08-09T16:18:13+05:30'
}
{
  level: 'info',
  message: 'listening on port 4026',
  timestamp: '2025-08-09T16:18:44+05:30'
}
{
  level: 'info',
  message: 'listening on port 4026',
  timestamp: '2025-08-09T16:20:12+05:30'
}
{
  level: 'info',
  message: 'successfully fetched data from magodlaser_units',
  timestamp: '2025-08-09T16:21:36+05:30'
}
{
  endpoint: '/getCustomerByCustCode',
  method: 'GET',
  queryParams: { code: '2634' },
  level: 'info',
  message: 'Requested customer details by Cust_Code',
  timestamp: '2025-08-09T16:21:36+05:30'
}
{
  level: 'info',
  message: 'listening on port 4026',
  timestamp: '2025-08-09T16:27:32+05:30'
}
{
  level: 'info',
  message: 'listening on port 4026',
  timestamp: '2025-08-09T16:28:15+05:30'
}
{
  level: 'info',
  message: 'listening on port 4026',
  timestamp: '2025-08-09T16:30:07+05:30'
}
{
  level: 'info',
  message: 'listening on port 4026',
  timestamp: '2025-08-09T16:31:03+05:30'
}
{
  endpoint: '/allcustomers',
  method: 'GET',
  level: 'info',
  message: 'Requested for all customers list',
  timestamp: '2025-08-09T16:32:50+05:30'
}
{
  endpoint: '/allcustomers',
  level: 'info',
  message: 'Fetched all customers list successfully',
  timestamp: '2025-08-09T16:32:50+05:30'
}
{
  level: 'info',
  message: 'listening on port 4026',
  timestamp: '2025-08-09T16:33:53+05:30'
}
{
  level: 'info',
  message: 'listening on port 4026',
  timestamp: '2025-08-09T16:37:09+05:30'
}
{
  level: 'info',
  message: 'successfully fetched data from mtrl_data',
  timestamp: '2025-08-09T16:37:18+05:30'
}
{
  level: 'info',
  message: 'successfully fetched data from magodlaser_units',
  timestamp: '2025-08-09T16:37:31+05:30'
}
{
  endpoint: '/getCustomerByCustCode',
  method: 'GET',
  queryParams: { code: '2291' },
  level: 'info',
  message: 'Requested customer details by Cust_Code',
  timestamp: '2025-08-09T16:37:31+05:30'
}
{
  level: 'info',
  message: 'listening on port 4026',
  timestamp: '2025-08-09T16:39:44+05:30'
}
{
  level: 'info',
  message: 'listening on port 4026',
  timestamp: '2025-08-09T16:41:32+05:30'
}
{
  level: 'info',
  message: 'listening on port 4026',
  timestamp: '2025-08-09T16:43:09+05:30'
}
{
  level: 'info',
  message: 'listening on port 4026',
  timestamp: '2025-08-09T16:43:17+05:30'
}
{
  level: 'info',
  message: 'listening on port 4026',
  timestamp: '2025-08-09T16:43:19+05:30'
}
{
  level: 'info',
  message: 'listening on port 4026',
  timestamp: '2025-08-09T16:54:54+05:30'
}
{
  level: 'info',
  message: 'listening on port 4026',
  timestamp: '2025-08-09T16:55:20+05:30'
}
{
  level: 'info',
  message: 'listening on port 4026',
  timestamp: '2025-08-09T16:55:33+05:30'
}
{
  level: 'info',
  message: 'listening on port 4026',
  timestamp: '2025-08-09T16:55:59+05:30'
}
{
  level: 'info',
  message: 'listening on port 4026',
  timestamp: '2025-08-09T16:57:55+05:30'
}
{
  level: 'info',
  message: 'listening on port 4026',
  timestamp: '2025-08-09T16:58:13+05:30'
}
{
  level: 'info',
  message: 'listening on port 4026',
  timestamp: '2025-08-09T16:59:49+05:30'
}
{
  endpoint: '/getCustomerByCustCode',
  method: 'GET',
  queryParams: { code: '2291' },
  level: 'info',
  message: 'Requested customer details by Cust_Code',
  timestamp: '2025-08-09T17:05:44+05:30'
}
{
  endpoint: '/getCustomerByCustCode',
  level: 'info',
  message: 'Fetched customer details successfully for Cust_Code = 2291',
  timestamp: '2025-08-09T17:05:44+05:30'
}
{
  endpoint: '/getCustomerByCustCode',
  method: 'GET',
  queryParams: { code: '2291' },
  level: 'info',
  message: 'Requested customer details by Cust_Code',
  timestamp: '2025-08-09T17:05:48+05:30'
}
{
  endpoint: '/getCustomerByCustCode',
  level: 'info',
  message: 'Fetched customer details successfully for Cust_Code = 2291',
  timestamp: '2025-08-09T17:05:48+05:30'
}
{
  endpoint: '/insert',
  method: 'POST',
  body: {
    DC_Type: 'Material Return',
    DC_No: '25/0001',
    DC_Date: '2025-08-09',
    Cust_Code: '2291',
    Cust_Name: '20 GAUGE ENGINEERING',
    Cust_Address: '#106 JK Nivas 3d main SR Compound Arekere Bennarghatta Road\r\n',
    Cust_Place: 'BANGALORE',
    Cust_State: 'KARNATAKA',
    PIN_Code: '560076',
    GSTNo: '29ACSPP1692H1ZW',
    ECC_No: '',
    TIN_No: '',
    CST_No: '',
    AuhtorisingDocu: '25/0001 Dt 08/September/2025',
    Total_Wt: '100.000',
    ScarpWt: 0,
    DCStatus: 'Draft',
    Remarks: '25/0001 Dt 08/September/2025'
  },
  level: 'info',
  message: 'Inserting new DC register record',
  timestamp: '2025-08-09T17:05:48+05:30'
}
{
  endpoint: '/getLastInsertID',
  method: 'GET',
  level: 'info',
  message: 'Requested last inserted DC_ID',
  timestamp: '2025-08-09T17:05:48+05:30'
}
{
  endpoint: '/getCustomerByCustCode',
  method: 'GET',
  queryParams: { code: '2291' },
  level: 'info',
  message: 'Requested customer details by Cust_Code',
  timestamp: '2025-08-09T17:05:48+05:30'
}
{
  level: 'info',
  message: 'listening on port 4026',
  timestamp: '2025-08-09T17:06:37+05:30'
}
{
  endpoint: '/allcustomers',
  method: 'GET',
  level: 'info',
  message: 'Requested for all customers list',
  timestamp: '2025-08-09T17:06:48+05:30'
}
{
  endpoint: '/allcustomers',
  level: 'info',
  message: 'Fetched all customers list successfully',
  timestamp: '2025-08-09T17:06:48+05:30'
}
{
  level: 'info',
  message: 'successfully fetched data from mtrl_data',
  timestamp: '2025-08-09T17:06:51+05:30'
}
{
  level: 'info',
  message: 'listening on port 4026',
  timestamp: '2025-08-09T17:09:25+05:30'
}
{
  endpoint: '/allcustomers',
  method: 'GET',
  level: 'info',
  message: 'Requested for all customers list',
  timestamp: '2025-08-09T17:10:03+05:30'
}
{
  endpoint: '/allcustomers',
  level: 'info',
  message: 'Fetched all customers list successfully',
  timestamp: '2025-08-09T17:10:03+05:30'
}
{
  level: 'info',
  message: 'successfully fetched data from mtrl_data',
  timestamp: '2025-08-09T17:10:06+05:30'
}
{
  level: 'info',
  message: 'successfully fetched data from magodlaser_units',
  timestamp: '2025-08-09T17:10:15+05:30'
}
{
  endpoint: '/getCustomerByCustCode',
  method: 'GET',
  queryParams: { code: '2291' },
  level: 'info',
  message: 'Requested customer details by Cust_Code',
  timestamp: '2025-08-09T17:10:15+05:30'
}
{
  endpoint: '/getCustomerByCustCode',
  level: 'info',
  message: 'Fetched customer details successfully for Cust_Code = 2291',
  timestamp: '2025-08-09T17:10:15+05:30'
}
{
  endpoint: '/getCustomerByCustCode',
  method: 'GET',
  queryParams: { code: '2291' },
  level: 'info',
  message: 'Requested customer details by Cust_Code',
  timestamp: '2025-08-09T17:10:45+05:30'
}
{
  endpoint: '/getCustomerByCustCode',
  level: 'info',
  message: 'Fetched customer details successfully for Cust_Code = 2291',
  timestamp: '2025-08-09T17:10:45+05:30'
}
{
  endpoint: '/insert',
  method: 'POST',
  body: {
    DC_Type: 'Material Return',
    DC_No: '25/0001',
    DC_Date: '2025-08-09',
    Cust_Code: '2291',
    Cust_Name: '20 GAUGE ENGINEERING',
    Cust_Address: '#106 JK Nivas 3d main SR Compound Arekere Bennarghatta Road\r\n',
    Cust_Place: 'BANGALORE',
    Cust_State: 'KARNATAKA',
    PIN_Code: '560076',
    GSTNo: '29ACSPP1692H1ZW',
    ECC_No: '',
    TIN_No: '',
    CST_No: '',
    AuhtorisingDocu: '25/0002 Dt 08/September/2025',
    Total_Wt: 100,
    ScarpWt: 0,
    DCStatus: 'Draft',
    Remarks: '25/0002 Dt 08/September/2025'
  },
  level: 'info',
  message: 'Inserting new DC register record',
  timestamp: '2025-08-09T17:10:45+05:30'
}
{
  level: 'info',
  message: 'listening on port 4026',
  timestamp: '2025-08-09T17:11:13+05:30'
}
