{
  level: 'info',
  message: 'listening on port 4026',
  timestamp: '2025-08-28T13:24:14+05:30'
}
{
  endpoint: '/allcustomers',
  method: 'GET',
  level: 'info',
  message: 'Requested for all customers list',
  timestamp: '2025-08-28T13:24:58+05:30'
}
{
  endpoint: '/allcustomers',
  level: 'info',
  message: 'Fetched all customers list successfully',
  timestamp: '2025-08-28T13:24:58+05:30'
}
{
  endpoint: '/allcustomers',
  method: 'GET',
  level: 'info',
  message: 'Requested for all customers list',
  timestamp: '2025-08-28T13:25:01+05:30'
}
{
  endpoint: '/allcustomers',
  level: 'info',
  message: 'Fetched all customers list successfully',
  timestamp: '2025-08-28T13:25:01+05:30'
}
{
  level: 'info',
  message: 'successfully fetched data from magodlaser_units',
  timestamp: '2025-08-28T13:25:05+05:30'
}
{
  endpoint: '/getCustomerByCustCode',
  method: 'GET',
  queryParams: { code: '2155' },
  level: 'info',
  message: 'Requested customer details by Cust_Code',
  timestamp: '2025-08-28T13:25:05+05:30'
}
{
  endpoint: '/getCustomerByCustCode',
  level: 'info',
  message: 'Fetched customer details successfully for Cust_Code = 2155',
  timestamp: '2025-08-28T13:25:05+05:30'
}
{
  endpoint: '/allcustomers',
  method: 'GET',
  level: 'info',
  message: 'Requested for all customers list',
  timestamp: '2025-08-28T13:25:09+05:30'
}
{
  endpoint: '/allcustomers',
  level: 'info',
  message: 'Fetched all customers list successfully',
  timestamp: '2025-08-28T13:25:09+05:30'
}
{
  level: 'info',
  message: 'successfully fetched data from magodlaser_units',
  timestamp: '2025-08-28T13:25:12+05:30'
}
{
  endpoint: '/getCustomerByCustCode',
  method: 'GET',
  queryParams: { code: '4126' },
  level: 'info',
  message: 'Requested customer details by Cust_Code',
  timestamp: '2025-08-28T13:25:12+05:30'
}
{
  endpoint: '/getCustomerByCustCode',
  level: 'info',
  message: 'Fetched customer details successfully for Cust_Code = 4126',
  timestamp: '2025-08-28T13:25:12+05:30'
}
{
  endpoint: '/getCustomerByCustCode',
  method: 'GET',
  queryParams: { code: '4126' },
  level: 'info',
  message: 'Requested customer details by Cust_Code',
  timestamp: '2025-08-28T13:25:15+05:30'
}
{
  endpoint: '/getCustomerByCustCode',
  level: 'info',
  message: 'Fetched customer details successfully for Cust_Code = 4126',
  timestamp: '2025-08-28T13:25:15+05:30'
}
{
  endpoint: '/insert',
  method: 'POST',
  body: {
    DC_Type: 'Material Return',
    DC_No: '25/0013',
    DC_Date: '2025-08-28',
    Cust_Code: '4126',
    Cust_Name: 'TEAM GRABBER COMPANY',
    Cust_Address: 'No:81/11,95, 4th Floor, 6th Cross ,SRS Road, \r\nPeenya 1st Stage ',
    Cust_Place: 'Bangalore',
    Cust_State: 'KARNATAKA',
    PIN_Code: '560058',
    GSTNo: '29IKSPS0720M1ZA',
    ECC_No: '',
    TIN_No: '',
    CST_No: '',
    AuhtorisingDocu: '24/1437 Dt NaN/undefined/NaN',
    Total_Wt: '724.000',
    ScarpWt: 0,
    DCStatus: 'Draft',
    Remarks: '24/1437 Dt NaN/undefined/NaN'
  },
  level: 'info',
  message: 'Inserting new DC register record',
  timestamp: '2025-08-28T13:25:15+05:30'
}
{
  level: 'info',
  message: 'listening on port 4026',
  timestamp: '2025-08-28T13:25:48+05:30'
}
{
  endpoint: '/allcustomers',
  method: 'GET',
  level: 'info',
  message: 'Requested for all customers list',
  timestamp: '2025-08-28T13:25:54+05:30'
}
{
  endpoint: '/allcustomers',
  level: 'info',
  message: 'Fetched all customers list successfully',
  timestamp: '2025-08-28T13:25:54+05:30'
}
{
  level: 'info',
  message: 'successfully fetched data from magodlaser_units',
  timestamp: '2025-08-28T13:25:58+05:30'
}
{
  endpoint: '/getCustomerByCustCode',
  method: 'GET',
  queryParams: { code: '4126' },
  level: 'info',
  message: 'Requested customer details by Cust_Code',
  timestamp: '2025-08-28T13:25:58+05:30'
}
{
  endpoint: '/getCustomerByCustCode',
  level: 'info',
  message: 'Fetched customer details successfully for Cust_Code = 4126',
  timestamp: '2025-08-28T13:25:58+05:30'
}
{
  endpoint: '/getCustomerByCustCode',
  method: 'GET',
  queryParams: { code: '4126' },
  level: 'info',
  message: 'Requested customer details by Cust_Code',
  timestamp: '2025-08-28T13:26:00+05:30'
}
{
  endpoint: '/getCustomerByCustCode',
  level: 'info',
  message: 'Fetched customer details successfully for Cust_Code = 4126',
  timestamp: '2025-08-28T13:26:00+05:30'
}
{
  endpoint: '/insert',
  method: 'POST',
  body: {
    DC_Type: 'Material Return',
    DC_No: '25/0013',
    DC_Date: '2025-08-28',
    Cust_Code: '4126',
    Cust_Name: 'TEAM GRABBER COMPANY',
    Cust_Address: 'No:81/11,95, 4th Floor, 6th Cross ,SRS Road, \r\nPeenya 1st Stage ',
    Cust_Place: 'Bangalore',
    Cust_State: 'KARNATAKA',
    PIN_Code: '560058',
    GSTNo: '29IKSPS0720M1ZA',
    ECC_No: '',
    TIN_No: '',
    CST_No: '',
    AuhtorisingDocu: '24/1437 Dt NaN/undefined/NaN',
    Total_Wt: '724.000',
    ScarpWt: 0,
    DCStatus: 'Draft',
    Remarks: '24/1437 Dt NaN/undefined/NaN'
  },
  level: 'info',
  message: 'Inserting new DC register record',
  timestamp: '2025-08-28T13:26:00+05:30'
}
{
  level: 'info',
  message: 'listening on port 4026',
  timestamp: '2025-08-28T13:26:12+05:30'
}
{
  endpoint: '/allcustomers',
  method: 'GET',
  level: 'info',
  message: 'Requested for all customers list',
  timestamp: '2025-08-28T13:26:15+05:30'
}
{
  endpoint: '/allcustomers',
  level: 'info',
  message: 'Fetched all customers list successfully',
  timestamp: '2025-08-28T13:26:16+05:30'
}
{
  level: 'info',
  message: 'successfully fetched data from magodlaser_units',
  timestamp: '2025-08-28T13:26:18+05:30'
}
{
  endpoint: '/getCustomerByCustCode',
  method: 'GET',
  queryParams: { code: '3947' },
  level: 'info',
  message: 'Requested customer details by Cust_Code',
  timestamp: '2025-08-28T13:26:18+05:30'
}
{
  endpoint: '/getCustomerByCustCode',
  level: 'info',
  message: 'Fetched customer details successfully for Cust_Code = 3947',
  timestamp: '2025-08-28T13:26:18+05:30'
}
{
  endpoint: '/allcustomers',
  method: 'GET',
  level: 'info',
  message: 'Requested for all customers list',
  timestamp: '2025-08-28T13:26:20+05:30'
}
{
  endpoint: '/allcustomers',
  level: 'info',
  message: 'Fetched all customers list successfully',
  timestamp: '2025-08-28T13:26:20+05:30'
}
{
  endpoint: '/allcustomers',
  method: 'GET',
  level: 'info',
  message: 'Requested for all customers list',
  timestamp: '2025-08-28T13:26:21+05:30'
}
{
  endpoint: '/allcustomers',
  level: 'info',
  message: 'Fetched all customers list successfully',
  timestamp: '2025-08-28T13:26:22+05:30'
}
{
  level: 'info',
  message: 'successfully fetched data from magodlaser_units',
  timestamp: '2025-08-28T13:26:24+05:30'
}
{
  endpoint: '/getCustomerByCustCode',
  method: 'GET',
  queryParams: { code: '0000' },
  level: 'info',
  message: 'Requested customer details by Cust_Code',
  timestamp: '2025-08-28T13:26:24+05:30'
}
{
  endpoint: '/getCustomerByCustCode',
  level: 'info',
  message: 'Fetched customer details successfully for Cust_Code = 0000',
  timestamp: '2025-08-28T13:26:24+05:30'
}
{
  level: 'info',
  message: 'successfully fetched data from magodlaser_units',
  timestamp: '2025-08-28T13:34:59+05:30'
}
{
  endpoint: '/getCustomerByCustCode',
  method: 'GET',
  queryParams: { code: '0000' },
  level: 'info',
  message: 'Requested customer details by Cust_Code',
  timestamp: '2025-08-28T13:35:00+05:30'
}
{
  endpoint: '/getCustomerByCustCode',
  level: 'info',
  message: 'Fetched customer details successfully for Cust_Code = 0000',
  timestamp: '2025-08-28T13:35:00+05:30'
}
{
  level: 'info',
  message: 'successfully fetched data from magodlaser_units',
  timestamp: '2025-08-28T13:35:35+05:30'
}
{
  endpoint: '/getCustomerByCustCode',
  method: 'GET',
  queryParams: { code: '0000' },
  level: 'info',
  message: 'Requested customer details by Cust_Code',
  timestamp: '2025-08-28T13:35:35+05:30'
}
{
  endpoint: '/getCustomerByCustCode',
  level: 'info',
  message: 'Fetched customer details successfully for Cust_Code = 0000',
  timestamp: '2025-08-28T13:35:36+05:30'
}
{
  level: 'info',
  message: 'successfully fetched data from magodlaser_units',
  timestamp: '2025-08-28T13:36:23+05:30'
}
{
  endpoint: '/getCustomerByCustCode',
  method: 'GET',
  queryParams: { code: '0000' },
  level: 'info',
  message: 'Requested customer details by Cust_Code',
  timestamp: '2025-08-28T13:36:23+05:30'
}
{
  endpoint: '/getCustomerByCustCode',
  level: 'info',
  message: 'Fetched customer details successfully for Cust_Code = 0000',
  timestamp: '2025-08-28T13:36:23+05:30'
}
{
  level: 'info',
  message: 'successfully fetched data from magodlaser_units',
  timestamp: '2025-08-28T13:37:05+05:30'
}
{
  endpoint: '/getCustomerByCustCode',
  method: 'GET',
  queryParams: { code: '0000' },
  level: 'info',
  message: 'Requested customer details by Cust_Code',
  timestamp: '2025-08-28T13:37:05+05:30'
}
{
  endpoint: '/getCustomerByCustCode',
  level: 'info',
  message: 'Fetched customer details successfully for Cust_Code = 0000',
  timestamp: '2025-08-28T13:37:05+05:30'
}
{
  level: 'info',
  message: 'successfully fetched data from magodlaser_units',
  timestamp: '2025-08-28T13:37:38+05:30'
}
{
  endpoint: '/getCustomerByCustCode',
  method: 'GET',
  queryParams: { code: '0000' },
  level: 'info',
  message: 'Requested customer details by Cust_Code',
  timestamp: '2025-08-28T13:37:39+05:30'
}
{
  endpoint: '/getCustomerByCustCode',
  level: 'info',
  message: 'Fetched customer details successfully for Cust_Code = 0000',
  timestamp: '2025-08-28T13:37:39+05:30'
}
{
  level: 'info',
  message: 'successfully fetched data from magodlaser_units',
  timestamp: '2025-08-28T13:38:09+05:30'
}
{
  endpoint: '/getCustomerByCustCode',
  method: 'GET',
  queryParams: { code: '0000' },
  level: 'info',
  message: 'Requested customer details by Cust_Code',
  timestamp: '2025-08-28T13:38:09+05:30'
}
{
  endpoint: '/getCustomerByCustCode',
  level: 'info',
  message: 'Fetched customer details successfully for Cust_Code = 0000',
  timestamp: '2025-08-28T13:38:09+05:30'
}
{
  level: 'info',
  message: 'successfully fetched data from magodlaser_units',
  timestamp: '2025-08-28T13:40:26+05:30'
}
{
  endpoint: '/getCustomerByCustCode',
  method: 'GET',
  queryParams: { code: '0000' },
  level: 'info',
  message: 'Requested customer details by Cust_Code',
  timestamp: '2025-08-28T13:40:26+05:30'
}
{
  endpoint: '/getCustomerByCustCode',
  level: 'info',
  message: 'Fetched customer details successfully for Cust_Code = 0000',
  timestamp: '2025-08-28T13:40:26+05:30'
}
{
  level: 'info',
  message: 'successfully fetched data from magodlaser_units',
  timestamp: '2025-08-28T13:40:53+05:30'
}
{
  endpoint: '/getCustomerByCustCode',
  method: 'GET',
  queryParams: { code: '0000' },
  level: 'info',
  message: 'Requested customer details by Cust_Code',
  timestamp: '2025-08-28T13:40:53+05:30'
}
{
  endpoint: '/getCustomerByCustCode',
  level: 'info',
  message: 'Fetched customer details successfully for Cust_Code = 0000',
  timestamp: '2025-08-28T13:40:53+05:30'
}
{
  level: 'info',
  message: 'successfully fetched data from magodlaser_units',
  timestamp: '2025-08-28T13:41:42+05:30'
}
{
  endpoint: '/getCustomerByCustCode',
  method: 'GET',
  queryParams: { code: '0000' },
  level: 'info',
  message: 'Requested customer details by Cust_Code',
  timestamp: '2025-08-28T13:41:42+05:30'
}
{
  endpoint: '/getCustomerByCustCode',
  level: 'info',
  message: 'Fetched customer details successfully for Cust_Code = 0000',
  timestamp: '2025-08-28T13:41:42+05:30'
}
{
  level: 'info',
  message: 'successfully fetched data from magodlaser_units',
  timestamp: '2025-08-28T13:42:20+05:30'
}
{
  endpoint: '/getCustomerByCustCode',
  method: 'GET',
  queryParams: { code: '0000' },
  level: 'info',
  message: 'Requested customer details by Cust_Code',
  timestamp: '2025-08-28T13:42:20+05:30'
}
{
  endpoint: '/getCustomerByCustCode',
  level: 'info',
  message: 'Fetched customer details successfully for Cust_Code = 0000',
  timestamp: '2025-08-28T13:42:20+05:30'
}
{
  endpoint: '/allcustomers',
  method: 'GET',
  level: 'info',
  message: 'Requested for all customers list',
  timestamp: '2025-08-28T13:43:01+05:30'
}
{
  endpoint: '/allcustomers',
  level: 'info',
  message: 'Fetched all customers list successfully',
  timestamp: '2025-08-28T13:43:01+05:30'
}
{
  level: 'info',
  message: 'successfully fetched data from magodlaser_units',
  timestamp: '2025-08-28T13:43:05+05:30'
}
{
  endpoint: '/getCustomerByCustCode',
  method: 'GET',
  queryParams: { code: '0000' },
  level: 'info',
  message: 'Requested customer details by Cust_Code',
  timestamp: '2025-08-28T13:43:05+05:30'
}
{
  endpoint: '/getCustomerByCustCode',
  level: 'info',
  message: 'Fetched customer details successfully for Cust_Code = 0000',
  timestamp: '2025-08-28T13:43:05+05:30'
}
{
  endpoint: '/allcustomers',
  method: 'GET',
  level: 'info',
  message: 'Requested for all customers list',
  timestamp: '2025-08-28T13:44:05+05:30'
}
{
  endpoint: '/allcustomers',
  level: 'info',
  message: 'Fetched all customers list successfully',
  timestamp: '2025-08-28T13:44:05+05:30'
}
{
  level: 'info',
  message: 'successfully fetched data from mtrl_data',
  timestamp: '2025-08-28T13:44:11+05:30'
}
{
  level: 'info',
  message: 'listening on port 4026',
  timestamp: '2025-08-28T13:44:54+05:30'
}
{
  level: 'info',
  message: 'listening on port 4026',
  timestamp: '2025-08-28T13:47:12+05:30'
}
{
  endpoint: '/allcustomers',
  method: 'GET',
  level: 'info',
  message: 'Requested for all customers list',
  timestamp: '2025-08-28T13:47:56+05:30'
}
{
  endpoint: '/allcustomers',
  level: 'info',
  message: 'Fetched all customers list successfully',
  timestamp: '2025-08-28T13:47:57+05:30'
}
{
  endpoint: '/allcustomers',
  method: 'GET',
  level: 'info',
  message: 'Requested for all customers list',
  timestamp: '2025-08-28T13:48:04+05:30'
}
{
  endpoint: '/allcustomers',
  level: 'info',
  message: 'Fetched all customers list successfully',
  timestamp: '2025-08-28T13:48:04+05:30'
}
{
  level: 'info',
  message: 'successfully fetched data from mtrl_data',
  timestamp: '2025-08-28T13:48:10+05:30'
}
{
  level: 'info',
  message: 'listening on port 4026',
  timestamp: '2025-08-28T13:48:52+05:30'
}
{
  endpoint: '/allcustomers',
  method: 'GET',
  level: 'info',
  message: 'Requested for all customers list',
  timestamp: '2025-08-28T13:49:19+05:30'
}
{
  endpoint: '/allcustomers',
  level: 'info',
  message: 'Fetched all customers list successfully',
  timestamp: '2025-08-28T13:49:19+05:30'
}
{
  level: 'info',
  message: 'successfully fetched data from mtrl_data',
  timestamp: '2025-08-28T13:49:24+05:30'
}
{
  level: 'info',
  message: 'listening on port 4026',
  timestamp: '2025-08-28T13:51:11+05:30'
}
{
  endpoint: '/allcustomers',
  method: 'GET',
  level: 'info',
  message: 'Requested for all customers list',
  timestamp: '2025-08-28T13:53:43+05:30'
}
{
  endpoint: '/allcustomers',
  level: 'info',
  message: 'Fetched all customers list successfully',
  timestamp: '2025-08-28T13:53:44+05:30'
}
{
  level: 'info',
  message: 'successfully fetched data from mtrl_data',
  timestamp: '2025-08-28T13:53:52+05:30'
}
{
  level: 'info',
  message: 'listening on port 4026',
  timestamp: '2025-08-28T13:54:54+05:30'
}
{
  endpoint: '/allcustomers',
  method: 'GET',
  level: 'info',
  message: 'Requested for all customers list',
  timestamp: '2025-08-28T13:55:12+05:30'
}
{
  endpoint: '/allcustomers',
  level: 'info',
  message: 'Fetched all customers list successfully',
  timestamp: '2025-08-28T13:55:12+05:30'
}
{
  level: 'info',
  message: 'successfully fetched data from mtrl_data',
  timestamp: '2025-08-28T13:55:15+05:30'
}
{
  level: 'info',
  message: 'listening on port 4026',
  timestamp: '2025-08-28T13:56:28+05:30'
}
{
  endpoint: '/allcustomers',
  method: 'GET',
  level: 'info',
  message: 'Requested for all customers list',
  timestamp: '2025-08-28T13:56:54+05:30'
}
{
  endpoint: '/allcustomers',
  level: 'info',
  message: 'Fetched all customers list successfully',
  timestamp: '2025-08-28T13:56:55+05:30'
}
{
  level: 'info',
  message: 'successfully fetched data from mtrl_data',
  timestamp: '2025-08-28T13:57:00+05:30'
}
{
  level: 'info',
  message: 'listening on port 4026',
  timestamp: '2025-08-28T13:58:28+05:30'
}
{
  endpoint: '/allcustomers',
  method: 'GET',
  level: 'info',
  message: 'Requested for all customers list',
  timestamp: '2025-08-28T13:58:36+05:30'
}
{
  endpoint: '/allcustomers',
  level: 'info',
  message: 'Fetched all customers list successfully',
  timestamp: '2025-08-28T13:58:37+05:30'
}
{
  level: 'info',
  message: 'successfully fetched data from mtrl_data',
  timestamp: '2025-08-28T13:58:42+05:30'
}
